# JRE version: OpenJDK Runtime Environment (8.0_362-b09) (build 1.8.0_362-b09)
# Java VM: OpenJDK 64-Bit Server VM (25.362-b09 mixed mode windows-amd64 compressed oops)
Heap:
 PSYoungGen      total 121344K, used 115456K [0x0000000781700000, 0x000000078c380000, 0x00000007c0000000)
  eden space 120832K, 95% used [0x0000000781700000,0x0000000788780098,0x0000000788d00000)
  from space 512K, 50% used [0x000000078c300000,0x000000078c340000,0x000000078c380000)
  to   space 4096K, 0% used [0x000000078bb80000,0x000000078bb80000,0x000000078bf80000)
 ParOldGen       total 103936K, used 18566K [0x0000000704400000, 0x000000070a980000, 0x0000000781700000)
  object space 103936K, 17% used [0x0000000704400000,0x0000000705621a98,0x000000070a980000)
 Metaspace       used 25113K, capacity 25505K, committed 25600K, reserved 1071104K
  class space    used 2960K, capacity 3061K, committed 3072K, reserved 1048576K
GC Heap History (10 events):
Event: 54.355 GC heap before
{Heap before GC invocations=37 (full 1):
 PSYoungGen      total 145920K, used 140608K [0x0000000781700000, 0x000000078d000000, 0x00000007c0000000)
  eden space 140288K, 100% used [0x0000000781700000,0x000000078a000000,0x000000078a000000)
  from space 5632K, 5% used [0x000000078c500000,0x000000078c550000,0x000000078ca80000)
  to   space 5632K, 0% used [0x000000078ca80000,0x000000078ca80000,0x000000078d000000)
 ParOldGen       total 103936K, used 18326K [0x0000000704400000, 0x000000070a980000, 0x0000000781700000)
  object space 103936K, 17% used [0x0000000704400000,0x00000007055e5a98,0x000000070a980000)
 Metaspace       used 24998K, capacity 25441K, committed 25600K, reserved 1071104K
  class space    used 2945K, capacity 3061K, committed 3072K, reserved 1048576K
Event: 54.358 GC heap after
Heap after GC invocations=37 (full 1):
 PSYoungGen      total 136704K, used 352K [0x0000000781700000, 0x000000078cb00000, 0x00000007c0000000)
  eden space 136192K, 0% used [0x0000000781700000,0x0000000781700000,0x0000000789c00000)
  from space 512K, 68% used [0x000000078ca80000,0x000000078cad8000,0x000000078cb00000)
  to   space 5120K, 0% used [0x000000078c100000,0x000000078c100000,0x000000078c600000)
 ParOldGen       total 103936K, used 18398K [0x0000000704400000, 0x000000070a980000, 0x0000000781700000)
  object space 103936K, 17% used [0x0000000704400000,0x00000007055f7a98,0x000000070a980000)
 Metaspace       used 24998K, capacity 25441K, committed 25600K, reserved 1071104K
  class space    used 2945K, capacity 3061K, committed 3072K, reserved 1048576K
}
Event: 55.081 GC heap before
{Heap before GC invocations=38 (full 1):
 PSYoungGen      total 136704K, used 136544K [0x0000000781700000, 0x000000078cb00000, 0x00000007c0000000)
  eden space 136192K, 100% used [0x0000000781700000,0x0000000789c00000,0x0000000789c00000)
  from space 512K, 68% used [0x000000078ca80000,0x000000078cad8000,0x000000078cb00000)
  to   space 5120K, 0% used [0x000000078c100000,0x000000078c100000,0x000000078c600000)
 ParOldGen       total 103936K, used 18398K [0x0000000704400000, 0x000000070a980000, 0x0000000781700000)
  object space 103936K, 17% used [0x0000000704400000,0x00000007055f7a98,0x000000070a980000)
 Metaspace       used 24999K, capacity 25441K, committed 25600K, reserved 1071104K
  class space    used 2945K, capacity 3061K, committed 3072K, reserved 1048576K
Event: 55.083 GC heap after
Heap after GC invocations=38 (full 1):
 PSYoungGen      total 137216K, used 288K [0x0000000781700000, 0x000000078cb00000, 0x00000007c0000000)
  eden space 132096K, 0% used [0x0000000781700000,0x0000000781700000,0x0000000789800000)
  from space 5120K, 5% used [0x000000078c100000,0x000000078c148000,0x000000078c600000)
  to   space 4608K, 0% used [0x000000078c680000,0x000000078c680000,0x000000078cb00000)
 ParOldGen       total 103936K, used 18430K [0x0000000704400000, 0x000000070a980000, 0x0000000781700000)
  object space 103936K, 17% used [0x0000000704400000,0x00000007055ffa98,0x000000070a980000)
 Metaspace       used 24999K, capacity 25441K, committed 25600K, reserved 1071104K
  class space    used 2945K, capacity 3061K, committed 3072K, reserved 1048576K
}
Event: 55.812 GC heap before
{Heap before GC invocations=39 (full 1):
 PSYoungGen      total 137216K, used 132384K [0x0000000781700000, 0x000000078cb00000, 0x00000007c0000000)
  eden space 132096K, 100% used [0x0000000781700000,0x0000000789800000,0x0000000789800000)
  from space 5120K, 5% used [0x000000078c100000,0x000000078c148000,0x000000078c600000)
  to   space 4608K, 0% used [0x000000078c680000,0x000000078c680000,0x000000078cb00000)
 ParOldGen       total 103936K, used 18430K [0x0000000704400000, 0x000000070a980000, 0x0000000781700000)
  object space 103936K, 17% used [0x0000000704400000,0x00000007055ffa98,0x000000070a980000)
 Metaspace       used 25000K, capacity 25441K, committed 25600K, reserved 1071104K
  class space    used 2945K, capacity 3061K, committed 3072K, reserved 1048576K
Event: 55.814 GC heap after
Heap after GC invocations=39 (full 1):
 PSYoungGen      total 128512K, used 320K [0x0000000781700000, 0x000000078c700000, 0x00000007c0000000)
  eden space 128000K, 0% used [0x0000000781700000,0x0000000781700000,0x0000000789400000)
  from space 512K, 62% used [0x000000078c680000,0x000000078c6d0000,0x000000078c700000)
  to   space 4608K, 0% used [0x000000078be00000,0x000000078be00000,0x000000078c280000)
 ParOldGen       total 103936K, used 18494K [0x0000000704400000, 0x000000070a980000, 0x0000000781700000)
  object space 103936K, 17% used [0x0000000704400000,0x000000070560fa98,0x000000070a980000)
 Metaspace       used 25000K, capacity 25441K, committed 25600K, reserved 1071104K
  class space    used 2945K, capacity 3061K, committed 3072K, reserved 1048576K
}
Event: 56.492 GC heap before
{Heap before GC invocations=40 (full 1):
 PSYoungGen      total 128512K, used 128320K [0x0000000781700000, 0x000000078c700000, 0x00000007c0000000)
  eden space 128000K, 100% used [0x0000000781700000,0x0000000789400000,0x0000000789400000)
  from space 512K, 62% used [0x000000078c680000,0x000000078c6d0000,0x000000078c700000)
  to   space 4608K, 0% used [0x000000078be00000,0x000000078be00000,0x000000078c280000)
 ParOldGen       total 103936K, used 18494K [0x0000000704400000, 0x000000070a980000, 0x0000000781700000)
  object space 103936K, 17% used [0x0000000704400000,0x000000070560fa98,0x000000070a980000)
 Metaspace       used 25000K, capacity 25441K, committed 25600K, reserved 1071104K
  class space    used 2945K, capacity 3061K, committed 3072K, reserved 1048576K
Event: 56.494 GC heap after
Heap after GC invocations=40 (full 1):
 PSYoungGen      total 129024K, used 288K [0x0000000781700000, 0x000000078c700000, 0x00000007c0000000)
  eden space 124416K, 0% used [0x0000000781700000,0x0000000781700000,0x0000000789080000)
  from space 4608K, 6% used [0x000000078be00000,0x000000078be48000,0x000000078c280000)
  to   space 4096K, 0% used [0x000000078c300000,0x000000078c300000,0x000000078c700000)
 ParOldGen       total 103936K, used 18518K [0x0000000704400000, 0x000000070a980000, 0x0000000781700000)
  object space 103936K, 17% used [0x0000000704400000,0x0000000705615a98,0x000000070a980000)
 Metaspace       used 25000K, capacity 25441K, committed 25600K, reserved 1071104K
  class space    used 2945K, capacity 3061K, committed 3072K, reserved 1048576K
}
Event: 57.146 GC heap before
{Heap before GC invocations=41 (full 1):
 PSYoungGen      total 129024K, used 124704K [0x0000000781700000, 0x000000078c700000, 0x00000007c0000000)
  eden space 124416K, 100% used [0x0000000781700000,0x0000000789080000,0x0000000789080000)
  from space 4608K, 6% used [0x000000078be00000,0x000000078be48000,0x000000078c280000)
  to   space 4096K, 0% used [0x000000078c300000,0x000000078c300000,0x000000078c700000)
 ParOldGen       total 103936K, used 18518K [0x0000000704400000, 0x000000070a980000, 0x0000000781700000)
  object space 103936K, 17% used [0x0000000704400000,0x0000000705615a98,0x000000070a980000)
 Metaspace       used 25000K, capacity 25441K, committed 25600K, reserved 1071104K
  class space    used 2945K, capacity 3061K, committed 3072K, reserved 1048576K
Event: 57.148 GC heap after
Heap after GC invocations=41 (full 1):
 PSYoungGen      total 121344K, used 256K [0x0000000781700000, 0x000000078c380000, 0x00000007c0000000)
  eden space 120832K, 0% used [0x0000000781700000,0x0000000781700000,0x0000000788d00000)
  from space 512K, 50% used [0x000000078c300000,0x000000078c340000,0x000000078c380000)
  to   space 4096K, 0% used [0x000000078bb80000,0x000000078bb80000,0x000000078bf80000)
 ParOldGen       total 103936K, used 18566K [0x0000000704400000, 0x000000070a980000, 0x0000000781700000)
  object space 103936K, 17% used [0x0000000704400000,0x0000000705621a98,0x000000070a980000)
 Metaspace       used 25000K, capacity 25441K, committed 25600K, reserved 1071104K
  class space    used 2945K, capacity 3061K, committed 3072K, reserved 1048576K
}

