# JRE version: OpenJDK Runtime Environment (8.0_362-b09) (build 1.8.0_362-b09)
# Java VM: OpenJDK 64-Bit Server VM (25.362-b09 mixed mode windows-amd64 compressed oops)
Heap:
 PSYoungGen      total 104960K, used 27248K [0x0000000781700000, 0x000000078e400000, 0x00000007c0000000)
  eden space 97280K, 28% used [0x0000000781700000,0x000000078319c0b8,0x0000000787600000)
  from space 7680K, 0% used [0x0000000787600000,0x0000000787600000,0x0000000787d80000)
  to   space 7680K, 0% used [0x000000078dc80000,0x000000078dc80000,0x000000078e400000)
 ParOldGen       total 113664K, used 20678K [0x0000000704400000, 0x000000070b300000, 0x0000000781700000)
  object space 113664K, 18% used [0x0000000704400000,0x0000000705831930,0x000000070b300000)
 Metaspace       used 24047K, capacity 24363K, committed 24576K, reserved 1071104K
  class space    used 2906K, capacity 3004K, committed 3072K, reserved 1048576K
GC Heap History (8 events):
Event: 0.428 GC heap before
{Heap before GC invocations=1 (full 0):
 PSYoungGen      total 56320K, used 48640K [0x0000000781700000, 0x0000000785580000, 0x00000007c0000000)
  eden space 48640K, 100% used [0x0000000781700000,0x0000000784680000,0x0000000784680000)
  from space 7680K, 0% used [0x0000000784e00000,0x0000000784e00000,0x0000000785580000)
  to   space 7680K, 0% used [0x0000000784680000,0x0000000784680000,0x0000000784e00000)
 ParOldGen       total 128512K, used 0K [0x0000000704400000, 0x000000070c180000, 0x0000000781700000)
  object space 128512K, 0% used [0x0000000704400000,0x0000000704400000,0x000000070c180000)
 Metaspace       used 8206K, capacity 8364K, committed 8448K, reserved 1056768K
  class space    used 907K, capacity 1000K, committed 1024K, reserved 1048576K
Event: 0.433 GC heap after
Heap after GC invocations=1 (full 0):
 PSYoungGen      total 56320K, used 7652K [0x0000000781700000, 0x0000000788500000, 0x00000007c0000000)
  eden space 48640K, 0% used [0x0000000781700000,0x0000000781700000,0x0000000784680000)
  from space 7680K, 99% used [0x0000000784680000,0x0000000784df9210,0x0000000784e00000)
  to   space 7680K, 0% used [0x0000000787d80000,0x0000000787d80000,0x0000000788500000)
 ParOldGen       total 128512K, used 651K [0x0000000704400000, 0x000000070c180000, 0x0000000781700000)
  object space 128512K, 0% used [0x0000000704400000,0x00000007044a2d28,0x000000070c180000)
 Metaspace       used 8206K, capacity 8364K, committed 8448K, reserved 1056768K
  class space    used 907K, capacity 1000K, committed 1024K, reserved 1048576K
}
Event: 0.757 GC heap before
{Heap before GC invocations=2 (full 0):
 PSYoungGen      total 56320K, used 56292K [0x0000000781700000, 0x0000000788500000, 0x00000007c0000000)
  eden space 48640K, 100% used [0x0000000781700000,0x0000000784680000,0x0000000784680000)
  from space 7680K, 99% used [0x0000000784680000,0x0000000784df9210,0x0000000784e00000)
  to   space 7680K, 0% used [0x0000000787d80000,0x0000000787d80000,0x0000000788500000)
 ParOldGen       total 128512K, used 651K [0x0000000704400000, 0x000000070c180000, 0x0000000781700000)
  object space 128512K, 0% used [0x0000000704400000,0x00000007044a2d28,0x000000070c180000)
 Metaspace       used 13525K, capacity 13720K, committed 14080K, reserved 1060864K
  class space    used 1672K, capacity 1738K, committed 1792K, reserved 1048576K
Event: 0.764 GC heap after
Heap after GC invocations=2 (full 0):
 PSYoungGen      total 104960K, used 7652K [0x0000000781700000, 0x0000000788500000, 0x00000007c0000000)
  eden space 97280K, 0% used [0x0000000781700000,0x0000000781700000,0x0000000787600000)
  from space 7680K, 99% used [0x0000000787d80000,0x00000007884f91e0,0x0000000788500000)
  to   space 7680K, 0% used [0x0000000787600000,0x0000000787600000,0x0000000787d80000)
 ParOldGen       total 128512K, used 7140K [0x0000000704400000, 0x000000070c180000, 0x0000000781700000)
  object space 128512K, 5% used [0x0000000704400000,0x0000000704af9208,0x000000070c180000)
 Metaspace       used 13525K, capacity 13720K, committed 14080K, reserved 1060864K
  class space    used 1672K, capacity 1738K, committed 1792K, reserved 1048576K
}
Event: 1.498 GC heap before
{Heap before GC invocations=3 (full 0):
 PSYoungGen      total 104960K, used 80415K [0x0000000781700000, 0x0000000788500000, 0x00000007c0000000)
  eden space 97280K, 74% used [0x0000000781700000,0x0000000785e0ed10,0x0000000787600000)
  from space 7680K, 99% used [0x0000000787d80000,0x00000007884f91e0,0x0000000788500000)
  to   space 7680K, 0% used [0x0000000787600000,0x0000000787600000,0x0000000787d80000)
 ParOldGen       total 128512K, used 7140K [0x0000000704400000, 0x000000070c180000, 0x0000000781700000)
  object space 128512K, 5% used [0x0000000704400000,0x0000000704af9208,0x000000070c180000)
 Metaspace       used 20794K, capacity 21116K, committed 21248K, reserved 1067008K
  class space    used 2643K, capacity 2746K, committed 2816K, reserved 1048576K
Event: 1.508 GC heap after
Heap after GC invocations=3 (full 0):
 PSYoungGen      total 104960K, used 7664K [0x0000000781700000, 0x000000078e400000, 0x00000007c0000000)
  eden space 97280K, 0% used [0x0000000781700000,0x0000000781700000,0x0000000787600000)
  from space 7680K, 99% used [0x0000000787600000,0x0000000787d7c060,0x0000000787d80000)
  to   space 7680K, 0% used [0x000000078dc80000,0x000000078dc80000,0x000000078e400000)
 ParOldGen       total 128512K, used 18204K [0x0000000704400000, 0x000000070c180000, 0x0000000781700000)
  object space 128512K, 14% used [0x0000000704400000,0x00000007055c7110,0x000000070c180000)
 Metaspace       used 20794K, capacity 21116K, committed 21248K, reserved 1067008K
  class space    used 2643K, capacity 2746K, committed 2816K, reserved 1048576K
}
Event: 1.508 GC heap before
{Heap before GC invocations=4 (full 1):
 PSYoungGen      total 104960K, used 7664K [0x0000000781700000, 0x000000078e400000, 0x00000007c0000000)
  eden space 97280K, 0% used [0x0000000781700000,0x0000000781700000,0x0000000787600000)
  from space 7680K, 99% used [0x0000000787600000,0x0000000787d7c060,0x0000000787d80000)
  to   space 7680K, 0% used [0x000000078dc80000,0x000000078dc80000,0x000000078e400000)
 ParOldGen       total 128512K, used 18204K [0x0000000704400000, 0x000000070c180000, 0x0000000781700000)
  object space 128512K, 14% used [0x0000000704400000,0x00000007055c7110,0x000000070c180000)
 Metaspace       used 20794K, capacity 21116K, committed 21248K, reserved 1067008K
  class space    used 2643K, capacity 2746K, committed 2816K, reserved 1048576K
Event: 1.547 GC heap after
Heap after GC invocations=4 (full 1):
 PSYoungGen      total 104960K, used 0K [0x0000000781700000, 0x000000078e400000, 0x00000007c0000000)
  eden space 97280K, 0% used [0x0000000781700000,0x0000000781700000,0x0000000787600000)
  from space 7680K, 0% used [0x0000000787600000,0x0000000787600000,0x0000000787d80000)
  to   space 7680K, 0% used [0x000000078dc80000,0x000000078dc80000,0x000000078e400000)
 ParOldGen       total 113664K, used 20678K [0x0000000704400000, 0x000000070b300000, 0x0000000781700000)
  object space 113664K, 18% used [0x0000000704400000,0x0000000705831930,0x000000070b300000)
 Metaspace       used 20794K, capacity 21116K, committed 21248K, reserved 1067008K
  class space    used 2643K, capacity 2746K, committed 2816K, reserved 1048576K
}

