# JRE version: OpenJDK Runtime Environment (8.0_362-b09) (build 1.8.0_362-b09)
# Java VM: OpenJDK 64-Bit Server VM (25.362-b09 mixed mode windows-amd64 compressed oops)
Heap:
 PSYoungGen      total 168448K, used 49540K [0x0000000781700000, 0x000000078e480000, 0x00000007c0000000)
  eden space 167936K, 29% used [0x0000000781700000,0x0000000784711358,0x000000078bb00000)
  from space 512K, 62% used [0x000000078e400000,0x000000078e450000,0x000000078e480000)
  to   space 6144K, 0% used [0x000000078d880000,0x000000078d880000,0x000000078de80000)
 ParOldGen       total 114688K, used 22863K [0x0000000704400000, 0x000000070b400000, 0x0000000781700000)
  object space 114688K, 19% used [0x0000000704400000,0x0000000705a53ed8,0x000000070b400000)
 Metaspace       used 25115K, capacity 25537K, committed 25728K, reserved 1071104K
  class space    used 2966K, capacity 3093K, committed 3200K, reserved 1048576K
GC Heap History (10 events):
Event: 53.037 GC heap before
{Heap before GC invocations=29 (full 1):
 PSYoungGen      total 208384K, used 199552K [0x0000000781700000, 0x000000078f980000, 0x00000007c0000000)
  eden space 199168K, 100% used [0x0000000781700000,0x000000078d980000,0x000000078d980000)
  from space 9216K, 4% used [0x000000078e780000,0x000000078e7e0000,0x000000078f080000)
  to   space 8704K, 0% used [0x000000078f100000,0x000000078f100000,0x000000078f980000)
 ParOldGen       total 114688K, used 22583K [0x0000000704400000, 0x000000070b400000, 0x0000000781700000)
  object space 114688K, 19% used [0x0000000704400000,0x0000000705a0ded8,0x000000070b400000)
 Metaspace       used 24990K, capacity 25371K, committed 25600K, reserved 1071104K
  class space    used 2951K, capacity 3060K, committed 3072K, reserved 1048576K
Event: 53.039 GC heap after
Heap after GC invocations=29 (full 1):
 PSYoungGen      total 193024K, used 320K [0x0000000781700000, 0x000000078f180000, 0x00000007c0000000)
  eden space 192512K, 0% used [0x0000000781700000,0x0000000781700000,0x000000078d300000)
  from space 512K, 62% used [0x000000078f100000,0x000000078f150000,0x000000078f180000)
  to   space 8192K, 0% used [0x000000078e180000,0x000000078e180000,0x000000078e980000)
 ParOldGen       total 114688K, used 22631K [0x0000000704400000, 0x000000070b400000, 0x0000000781700000)
  object space 114688K, 19% used [0x0000000704400000,0x0000000705a19ed8,0x000000070b400000)
 Metaspace       used 24990K, capacity 25371K, committed 25600K, reserved 1071104K
  class space    used 2951K, capacity 3060K, committed 3072K, reserved 1048576K
}
Event: 54.113 GC heap before
{Heap before GC invocations=30 (full 1):
 PSYoungGen      total 193024K, used 192832K [0x0000000781700000, 0x000000078f180000, 0x00000007c0000000)
  eden space 192512K, 100% used [0x0000000781700000,0x000000078d300000,0x000000078d300000)
  from space 512K, 62% used [0x000000078f100000,0x000000078f150000,0x000000078f180000)
  to   space 8192K, 0% used [0x000000078e180000,0x000000078e180000,0x000000078e980000)
 ParOldGen       total 114688K, used 22631K [0x0000000704400000, 0x000000070b400000, 0x0000000781700000)
  object space 114688K, 19% used [0x0000000704400000,0x0000000705a19ed8,0x000000070b400000)
 Metaspace       used 24996K, capacity 25377K, committed 25600K, reserved 1071104K
  class space    used 2952K, capacity 3061K, committed 3072K, reserved 1048576K
Event: 54.115 GC heap after
Heap after GC invocations=30 (full 1):
 PSYoungGen      total 194048K, used 384K [0x0000000781700000, 0x000000078f180000, 0x00000007c0000000)
  eden space 185856K, 0% used [0x0000000781700000,0x0000000781700000,0x000000078cc80000)
  from space 8192K, 4% used [0x000000078e180000,0x000000078e1e0000,0x000000078e980000)
  to   space 7680K, 0% used [0x000000078ea00000,0x000000078ea00000,0x000000078f180000)
 ParOldGen       total 114688K, used 22703K [0x0000000704400000, 0x000000070b400000, 0x0000000781700000)
  object space 114688K, 19% used [0x0000000704400000,0x0000000705a2bed8,0x000000070b400000)
 Metaspace       used 24996K, capacity 25377K, committed 25600K, reserved 1071104K
  class space    used 2952K, capacity 3061K, committed 3072K, reserved 1048576K
}
Event: 55.162 GC heap before
{Heap before GC invocations=31 (full 1):
 PSYoungGen      total 194048K, used 186240K [0x0000000781700000, 0x000000078f180000, 0x00000007c0000000)
  eden space 185856K, 100% used [0x0000000781700000,0x000000078cc80000,0x000000078cc80000)
  from space 8192K, 4% used [0x000000078e180000,0x000000078e1e0000,0x000000078e980000)
  to   space 7680K, 0% used [0x000000078ea00000,0x000000078ea00000,0x000000078f180000)
 ParOldGen       total 114688K, used 22703K [0x0000000704400000, 0x000000070b400000, 0x0000000781700000)
  object space 114688K, 19% used [0x0000000704400000,0x0000000705a2bed8,0x000000070b400000)
 Metaspace       used 24998K, capacity 25377K, committed 25600K, reserved 1071104K
  class space    used 2952K, capacity 3061K, committed 3072K, reserved 1048576K
Event: 55.164 GC heap after
Heap after GC invocations=31 (full 1):
 PSYoungGen      total 180224K, used 320K [0x0000000781700000, 0x000000078ea80000, 0x00000007c0000000)
  eden space 179712K, 0% used [0x0000000781700000,0x0000000781700000,0x000000078c680000)
  from space 512K, 62% used [0x000000078ea00000,0x000000078ea50000,0x000000078ea80000)
  to   space 7168K, 0% used [0x000000078dc80000,0x000000078dc80000,0x000000078e380000)
 ParOldGen       total 114688K, used 22751K [0x0000000704400000, 0x000000070b400000, 0x0000000781700000)
  object space 114688K, 19% used [0x0000000704400000,0x0000000705a37ed8,0x000000070b400000)
 Metaspace       used 24998K, capacity 25377K, committed 25600K, reserved 1071104K
  class space    used 2952K, capacity 3061K, committed 3072K, reserved 1048576K
}
Event: 56.193 GC heap before
{Heap before GC invocations=32 (full 1):
 PSYoungGen      total 180224K, used 180032K [0x0000000781700000, 0x000000078ea80000, 0x00000007c0000000)
  eden space 179712K, 100% used [0x0000000781700000,0x000000078c680000,0x000000078c680000)
  from space 512K, 62% used [0x000000078ea00000,0x000000078ea50000,0x000000078ea80000)
  to   space 7168K, 0% used [0x000000078dc80000,0x000000078dc80000,0x000000078e380000)
 ParOldGen       total 114688K, used 22751K [0x0000000704400000, 0x000000070b400000, 0x0000000781700000)
  object space 114688K, 19% used [0x0000000704400000,0x0000000705a37ed8,0x000000070b400000)
 Metaspace       used 24998K, capacity 25377K, committed 25600K, reserved 1071104K
  class space    used 2952K, capacity 3061K, committed 3072K, reserved 1048576K
Event: 56.194 GC heap after
Heap after GC invocations=32 (full 1):
 PSYoungGen      total 180736K, used 352K [0x0000000781700000, 0x000000078ea80000, 0x00000007c0000000)
  eden space 173568K, 0% used [0x0000000781700000,0x0000000781700000,0x000000078c080000)
  from space 7168K, 4% used [0x000000078dc80000,0x000000078dcd8000,0x000000078e380000)
  to   space 6656K, 0% used [0x000000078e400000,0x000000078e400000,0x000000078ea80000)
 ParOldGen       total 114688K, used 22815K [0x0000000704400000, 0x000000070b400000, 0x0000000781700000)
  object space 114688K, 19% used [0x0000000704400000,0x0000000705a47ed8,0x000000070b400000)
 Metaspace       used 24998K, capacity 25377K, committed 25600K, reserved 1071104K
  class space    used 2952K, capacity 3061K, committed 3072K, reserved 1048576K
}
Event: 57.163 GC heap before
{Heap before GC invocations=33 (full 1):
 PSYoungGen      total 180736K, used 173920K [0x0000000781700000, 0x000000078ea80000, 0x00000007c0000000)
  eden space 173568K, 100% used [0x0000000781700000,0x000000078c080000,0x000000078c080000)
  from space 7168K, 4% used [0x000000078dc80000,0x000000078dcd8000,0x000000078e380000)
  to   space 6656K, 0% used [0x000000078e400000,0x000000078e400000,0x000000078ea80000)
 ParOldGen       total 114688K, used 22815K [0x0000000704400000, 0x000000070b400000, 0x0000000781700000)
  object space 114688K, 19% used [0x0000000704400000,0x0000000705a47ed8,0x000000070b400000)
 Metaspace       used 24998K, capacity 25377K, committed 25600K, reserved 1071104K
  class space    used 2952K, capacity 3061K, committed 3072K, reserved 1048576K
Event: 57.165 GC heap after
Heap after GC invocations=33 (full 1):
 PSYoungGen      total 168448K, used 320K [0x0000000781700000, 0x000000078e480000, 0x00000007c0000000)
  eden space 167936K, 0% used [0x0000000781700000,0x0000000781700000,0x000000078bb00000)
  from space 512K, 62% used [0x000000078e400000,0x000000078e450000,0x000000078e480000)
  to   space 6144K, 0% used [0x000000078d880000,0x000000078d880000,0x000000078de80000)
 ParOldGen       total 114688K, used 22863K [0x0000000704400000, 0x000000070b400000, 0x0000000781700000)
  object space 114688K, 19% used [0x0000000704400000,0x0000000705a53ed8,0x000000070b400000)
 Metaspace       used 24998K, capacity 25377K, committed 25600K, reserved 1071104K
  class space    used 2952K, capacity 3061K, committed 3072K, reserved 1048576K
}

