# JRE version: OpenJDK Runtime Environment (8.0_362-b09) (build 1.8.0_362-b09)
# Java VM: OpenJDK 64-Bit Server VM (25.362-b09 mixed mode windows-amd64 compressed oops)
Heap:
 PSYoungGen      total 228864K, used 140047K [0x0000000781700000, 0x0000000790a00000, 0x00000007c0000000)
  eden space 220672K, 63% used [0x0000000781700000,0x0000000789f7bf78,0x000000078ee80000)
  from space 8192K, 3% used [0x000000078fa00000,0x000000078fa48000,0x0000000790200000)
  to   space 7680K, 0% used [0x0000000790280000,0x0000000790280000,0x0000000790a00000)
 ParOldGen       total 115200K, used 22677K [0x0000000704400000, 0x000000070b480000, 0x0000000781700000)
  object space 115200K, 19% used [0x0000000704400000,0x0000000705a254d8,0x000000070b480000)
 Metaspace       used 25098K, capacity 25505K, committed 25600K, reserved 1071104K
  class space    used 2960K, capacity 3061K, committed 3072K, reserved 1048576K
GC Heap History (10 events):
Event: 44.372 GC heap before
{Heap before GC invocations=26 (full 1):
 PSYoungGen      total 253440K, used 244032K [0x0000000781700000, 0x0000000791900000, 0x00000007c0000000)
  eden space 243712K, 100% used [0x0000000781700000,0x0000000790500000,0x0000000790500000)
  from space 9728K, 3% used [0x0000000790f80000,0x0000000790fd0000,0x0000000791900000)
  to   space 10240K, 0% used [0x0000000790500000,0x0000000790500000,0x0000000790f00000)
 ParOldGen       total 115200K, used 22397K [0x0000000704400000, 0x000000070b480000, 0x0000000781700000)
  object space 115200K, 19% used [0x0000000704400000,0x00000007059df4d8,0x000000070b480000)
 Metaspace       used 24978K, capacity 25371K, committed 25600K, reserved 1071104K
  class space    used 2944K, capacity 3060K, committed 3072K, reserved 1048576K
Event: 44.374 GC heap after
Heap after GC invocations=26 (full 1):
 PSYoungGen      total 253952K, used 352K [0x0000000781700000, 0x0000000791b00000, 0x00000007c0000000)
  eden space 243712K, 0% used [0x0000000781700000,0x0000000781700000,0x0000000790500000)
  from space 10240K, 3% used [0x0000000790500000,0x0000000790558000,0x0000000790f00000)
  to   space 9728K, 0% used [0x0000000791180000,0x0000000791180000,0x0000000791b00000)
 ParOldGen       total 115200K, used 22453K [0x0000000704400000, 0x000000070b480000, 0x0000000781700000)
  object space 115200K, 19% used [0x0000000704400000,0x00000007059ed4d8,0x000000070b480000)
 Metaspace       used 24978K, capacity 25371K, committed 25600K, reserved 1071104K
  class space    used 2944K, capacity 3060K, committed 3072K, reserved 1048576K
}
Event: 45.787 GC heap before
{Heap before GC invocations=27 (full 1):
 PSYoungGen      total 253952K, used 244064K [0x0000000781700000, 0x0000000791b00000, 0x00000007c0000000)
  eden space 243712K, 100% used [0x0000000781700000,0x0000000790500000,0x0000000790500000)
  from space 10240K, 3% used [0x0000000790500000,0x0000000790558000,0x0000000790f00000)
  to   space 9728K, 0% used [0x0000000791180000,0x0000000791180000,0x0000000791b00000)
 ParOldGen       total 115200K, used 22453K [0x0000000704400000, 0x000000070b480000, 0x0000000781700000)
  object space 115200K, 19% used [0x0000000704400000,0x00000007059ed4d8,0x000000070b480000)
 Metaspace       used 24979K, capacity 25371K, committed 25600K, reserved 1071104K
  class space    used 2944K, capacity 3060K, committed 3072K, reserved 1048576K
Event: 45.789 GC heap after
Heap after GC invocations=27 (full 1):
 PSYoungGen      total 255488K, used 320K [0x0000000781700000, 0x0000000791a00000, 0x00000007c0000000)
  eden space 246784K, 0% used [0x0000000781700000,0x0000000781700000,0x0000000790800000)
  from space 8704K, 3% used [0x0000000791180000,0x00000007911d0000,0x0000000791a00000)
  to   space 9216K, 0% used [0x0000000790800000,0x0000000790800000,0x0000000791100000)
 ParOldGen       total 115200K, used 22517K [0x0000000704400000, 0x000000070b480000, 0x0000000781700000)
  object space 115200K, 19% used [0x0000000704400000,0x00000007059fd4d8,0x000000070b480000)
 Metaspace       used 24979K, capacity 25371K, committed 25600K, reserved 1071104K
  class space    used 2944K, capacity 3060K, committed 3072K, reserved 1048576K
}
Event: 47.201 GC heap before
{Heap before GC invocations=28 (full 1):
 PSYoungGen      total 255488K, used 247104K [0x0000000781700000, 0x0000000791a00000, 0x00000007c0000000)
  eden space 246784K, 100% used [0x0000000781700000,0x0000000790800000,0x0000000790800000)
  from space 8704K, 3% used [0x0000000791180000,0x00000007911d0000,0x0000000791a00000)
  to   space 9216K, 0% used [0x0000000790800000,0x0000000790800000,0x0000000791100000)
 ParOldGen       total 115200K, used 22517K [0x0000000704400000, 0x000000070b480000, 0x0000000781700000)
  object space 115200K, 19% used [0x0000000704400000,0x00000007059fd4d8,0x000000070b480000)
 Metaspace       used 24979K, capacity 25371K, committed 25600K, reserved 1071104K
  class space    used 2944K, capacity 3060K, committed 3072K, reserved 1048576K
Event: 47.203 GC heap after
Heap after GC invocations=28 (full 1):
 PSYoungGen      total 238080K, used 352K [0x0000000781700000, 0x0000000791200000, 0x00000007c0000000)
  eden space 237568K, 0% used [0x0000000781700000,0x0000000781700000,0x000000078ff00000)
  from space 512K, 68% used [0x0000000790800000,0x0000000790858000,0x0000000790880000)
  to   space 8704K, 0% used [0x0000000790980000,0x0000000790980000,0x0000000791200000)
 ParOldGen       total 115200K, used 22573K [0x0000000704400000, 0x000000070b480000, 0x0000000781700000)
  object space 115200K, 19% used [0x0000000704400000,0x0000000705a0b4d8,0x000000070b480000)
 Metaspace       used 24979K, capacity 25371K, committed 25600K, reserved 1071104K
  class space    used 2944K, capacity 3060K, committed 3072K, reserved 1048576K
}
Event: 48.538 GC heap before
{Heap before GC invocations=29 (full 1):
 PSYoungGen      total 238080K, used 237920K [0x0000000781700000, 0x0000000791200000, 0x00000007c0000000)
  eden space 237568K, 100% used [0x0000000781700000,0x000000078ff00000,0x000000078ff00000)
  from space 512K, 68% used [0x0000000790800000,0x0000000790858000,0x0000000790880000)
  to   space 8704K, 0% used [0x0000000790980000,0x0000000790980000,0x0000000791200000)
 ParOldGen       total 115200K, used 22573K [0x0000000704400000, 0x000000070b480000, 0x0000000781700000)
  object space 115200K, 19% used [0x0000000704400000,0x0000000705a0b4d8,0x000000070b480000)
 Metaspace       used 24979K, capacity 25371K, committed 25600K, reserved 1071104K
  class space    used 2944K, capacity 3060K, committed 3072K, reserved 1048576K
Event: 48.540 GC heap after
Heap after GC invocations=29 (full 1):
 PSYoungGen      total 229376K, used 320K [0x0000000781700000, 0x0000000790a00000, 0x00000007c0000000)
  eden space 228864K, 0% used [0x0000000781700000,0x0000000781700000,0x000000078f680000)
  from space 512K, 62% used [0x0000000790980000,0x00000007909d0000,0x0000000790a00000)
  to   space 8192K, 0% used [0x000000078fa00000,0x000000078fa00000,0x0000000790200000)
 ParOldGen       total 115200K, used 22637K [0x0000000704400000, 0x000000070b480000, 0x0000000781700000)
  object space 115200K, 19% used [0x0000000704400000,0x0000000705a1b4d8,0x000000070b480000)
 Metaspace       used 24979K, capacity 25371K, committed 25600K, reserved 1071104K
  class space    used 2944K, capacity 3060K, committed 3072K, reserved 1048576K
}
Event: 49.784 GC heap before
{Heap before GC invocations=30 (full 1):
 PSYoungGen      total 229376K, used 229184K [0x0000000781700000, 0x0000000790a00000, 0x00000007c0000000)
  eden space 228864K, 100% used [0x0000000781700000,0x000000078f680000,0x000000078f680000)
  from space 512K, 62% used [0x0000000790980000,0x00000007909d0000,0x0000000790a00000)
  to   space 8192K, 0% used [0x000000078fa00000,0x000000078fa00000,0x0000000790200000)
 ParOldGen       total 115200K, used 22637K [0x0000000704400000, 0x000000070b480000, 0x0000000781700000)
  object space 115200K, 19% used [0x0000000704400000,0x0000000705a1b4d8,0x000000070b480000)
 Metaspace       used 24979K, capacity 25371K, committed 25600K, reserved 1071104K
  class space    used 2944K, capacity 3060K, committed 3072K, reserved 1048576K
Event: 49.786 GC heap after
Heap after GC invocations=30 (full 1):
 PSYoungGen      total 228864K, used 288K [0x0000000781700000, 0x0000000790a00000, 0x00000007c0000000)
  eden space 220672K, 0% used [0x0000000781700000,0x0000000781700000,0x000000078ee80000)
  from space 8192K, 3% used [0x000000078fa00000,0x000000078fa48000,0x0000000790200000)
  to   space 7680K, 0% used [0x0000000790280000,0x0000000790280000,0x0000000790a00000)
 ParOldGen       total 115200K, used 22677K [0x0000000704400000, 0x000000070b480000, 0x0000000781700000)
  object space 115200K, 19% used [0x0000000704400000,0x0000000705a254d8,0x000000070b480000)
 Metaspace       used 24979K, capacity 25371K, committed 25600K, reserved 1071104K
  class space    used 2944K, capacity 3060K, committed 3072K, reserved 1048576K
}

