# JRE version: OpenJDK Runtime Environment (8.0_362-b09) (build 1.8.0_362-b09)
# Java VM: OpenJDK 64-Bit Server VM (25.362-b09 mixed mode windows-amd64 compressed oops)
Heap:
 PSYoungGen      total 241152K, used 187081K [0x0000000781700000, 0x0000000790800000, 0x00000007c0000000)
  eden space 235520K, 79% used [0x0000000781700000,0x000000078cd6a4f8,0x000000078fd00000)
  from space 5632K, 5% used [0x0000000790280000,0x00000007902c8000,0x0000000790800000)
  to   space 5632K, 0% used [0x000000078fd00000,0x000000078fd00000,0x0000000790280000)
 ParOldGen       total 118272K, used 22842K [0x0000000704400000, 0x000000070b780000, 0x0000000781700000)
  object space 118272K, 19% used [0x0000000704400000,0x0000000705a4eac0,0x000000070b780000)
 Metaspace       used 25114K, capacity 25509K, committed 25600K, reserved 1071104K
  class space    used 2960K, capacity 3061K, committed 3072K, reserved 1048576K
GC Heap History (10 events):
Event: 57.661 GC heap before
{Heap before GC invocations=31 (full 1):
 PSYoungGen      total 237056K, used 229184K [0x0000000781700000, 0x0000000790800000, 0x00000007c0000000)
  eden space 228864K, 100% used [0x0000000781700000,0x000000078f680000,0x000000078f680000)
  from space 8192K, 3% used [0x000000078f680000,0x000000078f6d0000,0x000000078fe80000)
  to   space 7680K, 0% used [0x0000000790080000,0x0000000790080000,0x0000000790800000)
 ParOldGen       total 118272K, used 22626K [0x0000000704400000, 0x000000070b780000, 0x0000000781700000)
  object space 118272K, 19% used [0x0000000704400000,0x0000000705a18ac0,0x000000070b780000)
 Metaspace       used 24993K, capacity 25375K, committed 25600K, reserved 1071104K
  class space    used 2944K, capacity 3060K, committed 3072K, reserved 1048576K
Event: 57.662 GC heap after
Heap after GC invocations=31 (full 1):
 PSYoungGen      total 237056K, used 352K [0x0000000781700000, 0x0000000790680000, 0x00000007c0000000)
  eden space 230912K, 0% used [0x0000000781700000,0x0000000781700000,0x000000078f880000)
  from space 6144K, 5% used [0x0000000790080000,0x00000007900d8000,0x0000000790680000)
  to   space 7168K, 0% used [0x000000078f880000,0x000000078f880000,0x000000078ff80000)
 ParOldGen       total 118272K, used 22682K [0x0000000704400000, 0x000000070b780000, 0x0000000781700000)
  object space 118272K, 19% used [0x0000000704400000,0x0000000705a26ac0,0x000000070b780000)
 Metaspace       used 24993K, capacity 25375K, committed 25600K, reserved 1071104K
  class space    used 2944K, capacity 3060K, committed 3072K, reserved 1048576K
}
Event: 58.977 GC heap before
{Heap before GC invocations=32 (full 1):
 PSYoungGen      total 237056K, used 231264K [0x0000000781700000, 0x0000000790680000, 0x00000007c0000000)
  eden space 230912K, 100% used [0x0000000781700000,0x000000078f880000,0x000000078f880000)
  from space 6144K, 5% used [0x0000000790080000,0x00000007900d8000,0x0000000790680000)
  to   space 7168K, 0% used [0x000000078f880000,0x000000078f880000,0x000000078ff80000)
 ParOldGen       total 118272K, used 22682K [0x0000000704400000, 0x000000070b780000, 0x0000000781700000)
  object space 118272K, 19% used [0x0000000704400000,0x0000000705a26ac0,0x000000070b780000)
 Metaspace       used 24993K, capacity 25375K, committed 25600K, reserved 1071104K
  class space    used 2944K, capacity 3060K, committed 3072K, reserved 1048576K
Event: 58.978 GC heap after
Heap after GC invocations=32 (full 1):
 PSYoungGen      total 238080K, used 288K [0x0000000781700000, 0x0000000790800000, 0x00000007c0000000)
  eden space 230912K, 0% used [0x0000000781700000,0x0000000781700000,0x000000078f880000)
  from space 7168K, 4% used [0x000000078f880000,0x000000078f8c8000,0x000000078ff80000)
  to   space 6656K, 0% used [0x0000000790180000,0x0000000790180000,0x0000000790800000)
 ParOldGen       total 118272K, used 22730K [0x0000000704400000, 0x000000070b780000, 0x0000000781700000)
  object space 118272K, 19% used [0x0000000704400000,0x0000000705a32ac0,0x000000070b780000)
 Metaspace       used 24993K, capacity 25375K, committed 25600K, reserved 1071104K
  class space    used 2944K, capacity 3060K, committed 3072K, reserved 1048576K
}
Event: 60.221 GC heap before
{Heap before GC invocations=33 (full 1):
 PSYoungGen      total 238080K, used 231200K [0x0000000781700000, 0x0000000790800000, 0x00000007c0000000)
  eden space 230912K, 100% used [0x0000000781700000,0x000000078f880000,0x000000078f880000)
  from space 7168K, 4% used [0x000000078f880000,0x000000078f8c8000,0x000000078ff80000)
  to   space 6656K, 0% used [0x0000000790180000,0x0000000790180000,0x0000000790800000)
 ParOldGen       total 118272K, used 22730K [0x0000000704400000, 0x000000070b780000, 0x0000000781700000)
  object space 118272K, 19% used [0x0000000704400000,0x0000000705a32ac0,0x000000070b780000)
 Metaspace       used 24999K, capacity 25381K, committed 25600K, reserved 1071104K
  class space    used 2945K, capacity 3061K, committed 3072K, reserved 1048576K
Event: 60.223 GC heap after
Heap after GC invocations=33 (full 1):
 PSYoungGen      total 239104K, used 320K [0x0000000781700000, 0x0000000790700000, 0x00000007c0000000)
  eden space 233472K, 0% used [0x0000000781700000,0x0000000781700000,0x000000078fb00000)
  from space 5632K, 5% used [0x0000000790180000,0x00000007901d0000,0x0000000790700000)
  to   space 6144K, 0% used [0x000000078fb00000,0x000000078fb00000,0x0000000790100000)
 ParOldGen       total 118272K, used 22762K [0x0000000704400000, 0x000000070b780000, 0x0000000781700000)
  object space 118272K, 19% used [0x0000000704400000,0x0000000705a3aac0,0x000000070b780000)
 Metaspace       used 24999K, capacity 25381K, committed 25600K, reserved 1071104K
  class space    used 2945K, capacity 3061K, committed 3072K, reserved 1048576K
}
Event: 61.410 GC heap before
{Heap before GC invocations=34 (full 1):
 PSYoungGen      total 239104K, used 233792K [0x0000000781700000, 0x0000000790700000, 0x00000007c0000000)
  eden space 233472K, 100% used [0x0000000781700000,0x000000078fb00000,0x000000078fb00000)
  from space 5632K, 5% used [0x0000000790180000,0x00000007901d0000,0x0000000790700000)
  to   space 6144K, 0% used [0x000000078fb00000,0x000000078fb00000,0x0000000790100000)
 ParOldGen       total 118272K, used 22762K [0x0000000704400000, 0x000000070b780000, 0x0000000781700000)
  object space 118272K, 19% used [0x0000000704400000,0x0000000705a3aac0,0x000000070b780000)
 Metaspace       used 25000K, capacity 25381K, committed 25600K, reserved 1071104K
  class space    used 2945K, capacity 3061K, committed 3072K, reserved 1048576K
Event: 61.412 GC heap after
Heap after GC invocations=34 (full 1):
 PSYoungGen      total 239616K, used 320K [0x0000000781700000, 0x0000000790800000, 0x00000007c0000000)
  eden space 233472K, 0% used [0x0000000781700000,0x0000000781700000,0x000000078fb00000)
  from space 6144K, 5% used [0x000000078fb00000,0x000000078fb50000,0x0000000790100000)
  to   space 5632K, 0% used [0x0000000790280000,0x0000000790280000,0x0000000790800000)
 ParOldGen       total 118272K, used 22826K [0x0000000704400000, 0x000000070b780000, 0x0000000781700000)
  object space 118272K, 19% used [0x0000000704400000,0x0000000705a4aac0,0x000000070b780000)
 Metaspace       used 25000K, capacity 25381K, committed 25600K, reserved 1071104K
  class space    used 2945K, capacity 3061K, committed 3072K, reserved 1048576K
}
Event: 62.598 GC heap before
{Heap before GC invocations=35 (full 1):
 PSYoungGen      total 239616K, used 233792K [0x0000000781700000, 0x0000000790800000, 0x00000007c0000000)
  eden space 233472K, 100% used [0x0000000781700000,0x000000078fb00000,0x000000078fb00000)
  from space 6144K, 5% used [0x000000078fb00000,0x000000078fb50000,0x0000000790100000)
  to   space 5632K, 0% used [0x0000000790280000,0x0000000790280000,0x0000000790800000)
 ParOldGen       total 118272K, used 22826K [0x0000000704400000, 0x000000070b780000, 0x0000000781700000)
  object space 118272K, 19% used [0x0000000704400000,0x0000000705a4aac0,0x000000070b780000)
 Metaspace       used 25000K, capacity 25381K, committed 25600K, reserved 1071104K
  class space    used 2945K, capacity 3061K, committed 3072K, reserved 1048576K
Event: 62.600 GC heap after
Heap after GC invocations=35 (full 1):
 PSYoungGen      total 241152K, used 288K [0x0000000781700000, 0x0000000790800000, 0x00000007c0000000)
  eden space 235520K, 0% used [0x0000000781700000,0x0000000781700000,0x000000078fd00000)
  from space 5632K, 5% used [0x0000000790280000,0x00000007902c8000,0x0000000790800000)
  to   space 5632K, 0% used [0x000000078fd00000,0x000000078fd00000,0x0000000790280000)
 ParOldGen       total 118272K, used 22842K [0x0000000704400000, 0x000000070b780000, 0x0000000781700000)
  object space 118272K, 19% used [0x0000000704400000,0x0000000705a4eac0,0x000000070b780000)
 Metaspace       used 25000K, capacity 25381K, committed 25600K, reserved 1071104K
  class space    used 2945K, capacity 3061K, committed 3072K, reserved 1048576K
}

