# JRE version: OpenJDK Runtime Environment (8.0_362-b09) (build 1.8.0_362-b09)
# Java VM: OpenJDK 64-Bit Server VM (25.362-b09 mixed mode windows-amd64 compressed oops)
Heap:
 PSYoungGen      total 104960K, used 36164K [0x0000000781700000, 0x000000078e400000, 0x00000007c0000000)
  eden space 97280K, 37% used [0x0000000781700000,0x0000000783a510f8,0x0000000787600000)
  from space 7680K, 0% used [0x0000000787600000,0x0000000787600000,0x0000000787d80000)
  to   space 7680K, 0% used [0x000000078dc80000,0x000000078dc80000,0x000000078e400000)
 ParOldGen       total 113664K, used 20620K [0x0000000704400000, 0x000000070b300000, 0x0000000781700000)
  object space 113664K, 18% used [0x0000000704400000,0x0000000705823368,0x000000070b300000)
 Metaspace       used 24118K, capacity 24413K, committed 24832K, reserved 1071104K
  class space    used 2907K, capacity 2991K, committed 3072K, reserved 1048576K
GC Heap History (8 events):
Event: 0.387 GC heap before
{Heap before GC invocations=1 (full 0):
 PSYoungGen      total 56320K, used 48640K [0x0000000781700000, 0x0000000785580000, 0x00000007c0000000)
  eden space 48640K, 100% used [0x0000000781700000,0x0000000784680000,0x0000000784680000)
  from space 7680K, 0% used [0x0000000784e00000,0x0000000784e00000,0x0000000785580000)
  to   space 7680K, 0% used [0x0000000784680000,0x0000000784680000,0x0000000784e00000)
 ParOldGen       total 128512K, used 0K [0x0000000704400000, 0x000000070c180000, 0x0000000781700000)
  object space 128512K, 0% used [0x0000000704400000,0x0000000704400000,0x000000070c180000)
 Metaspace       used 8195K, capacity 8364K, committed 8448K, reserved 1056768K
  class space    used 906K, capacity 1000K, committed 1024K, reserved 1048576K
Event: 0.391 GC heap after
Heap after GC invocations=1 (full 0):
 PSYoungGen      total 56320K, used 7654K [0x0000000781700000, 0x0000000788500000, 0x00000007c0000000)
  eden space 48640K, 0% used [0x0000000781700000,0x0000000781700000,0x0000000784680000)
  from space 7680K, 99% used [0x0000000784680000,0x0000000784df9998,0x0000000784e00000)
  to   space 7680K, 0% used [0x0000000787d80000,0x0000000787d80000,0x0000000788500000)
 ParOldGen       total 128512K, used 605K [0x0000000704400000, 0x000000070c180000, 0x0000000781700000)
  object space 128512K, 0% used [0x0000000704400000,0x00000007044974f8,0x000000070c180000)
 Metaspace       used 8195K, capacity 8364K, committed 8448K, reserved 1056768K
  class space    used 906K, capacity 1000K, committed 1024K, reserved 1048576K
}
Event: 0.705 GC heap before
{Heap before GC invocations=2 (full 0):
 PSYoungGen      total 56320K, used 56294K [0x0000000781700000, 0x0000000788500000, 0x00000007c0000000)
  eden space 48640K, 100% used [0x0000000781700000,0x0000000784680000,0x0000000784680000)
  from space 7680K, 99% used [0x0000000784680000,0x0000000784df9998,0x0000000784e00000)
  to   space 7680K, 0% used [0x0000000787d80000,0x0000000787d80000,0x0000000788500000)
 ParOldGen       total 128512K, used 605K [0x0000000704400000, 0x000000070c180000, 0x0000000781700000)
  object space 128512K, 0% used [0x0000000704400000,0x00000007044974f8,0x000000070c180000)
 Metaspace       used 13514K, capacity 13656K, committed 13824K, reserved 1060864K
  class space    used 1671K, capacity 1738K, committed 1792K, reserved 1048576K
Event: 0.712 GC heap after
Heap after GC invocations=2 (full 0):
 PSYoungGen      total 104960K, used 7654K [0x0000000781700000, 0x0000000788500000, 0x00000007c0000000)
  eden space 97280K, 0% used [0x0000000781700000,0x0000000781700000,0x0000000787600000)
  from space 7680K, 99% used [0x0000000787d80000,0x00000007884f9b08,0x0000000788500000)
  to   space 7680K, 0% used [0x0000000787600000,0x0000000787600000,0x0000000787d80000)
 ParOldGen       total 128512K, used 7092K [0x0000000704400000, 0x000000070c180000, 0x0000000781700000)
  object space 128512K, 5% used [0x0000000704400000,0x0000000704aed068,0x000000070c180000)
 Metaspace       used 13514K, capacity 13656K, committed 13824K, reserved 1060864K
  class space    used 1671K, capacity 1738K, committed 1792K, reserved 1048576K
}
Event: 1.381 GC heap before
{Heap before GC invocations=3 (full 0):
 PSYoungGen      total 104960K, used 80330K [0x0000000781700000, 0x0000000788500000, 0x00000007c0000000)
  eden space 97280K, 74% used [0x0000000781700000,0x0000000785df90d8,0x0000000787600000)
  from space 7680K, 99% used [0x0000000787d80000,0x00000007884f9b08,0x0000000788500000)
  to   space 7680K, 0% used [0x0000000787600000,0x0000000787600000,0x0000000787d80000)
 ParOldGen       total 128512K, used 7092K [0x0000000704400000, 0x000000070c180000, 0x0000000781700000)
  object space 128512K, 5% used [0x0000000704400000,0x0000000704aed068,0x000000070c180000)
 Metaspace       used 20819K, capacity 21078K, committed 21248K, reserved 1067008K
  class space    used 2648K, capacity 2729K, committed 2816K, reserved 1048576K
Event: 1.393 GC heap after
Heap after GC invocations=3 (full 0):
 PSYoungGen      total 104960K, used 7651K [0x0000000781700000, 0x000000078e400000, 0x00000007c0000000)
  eden space 97280K, 0% used [0x0000000781700000,0x0000000781700000,0x0000000787600000)
  from space 7680K, 99% used [0x0000000787600000,0x0000000787d78dc8,0x0000000787d80000)
  to   space 7680K, 0% used [0x000000078dc80000,0x000000078dc80000,0x000000078e400000)
 ParOldGen       total 128512K, used 18129K [0x0000000704400000, 0x000000070c180000, 0x0000000781700000)
  object space 128512K, 14% used [0x0000000704400000,0x00000007055b4648,0x000000070c180000)
 Metaspace       used 20819K, capacity 21078K, committed 21248K, reserved 1067008K
  class space    used 2648K, capacity 2729K, committed 2816K, reserved 1048576K
}
Event: 1.393 GC heap before
{Heap before GC invocations=4 (full 1):
 PSYoungGen      total 104960K, used 7651K [0x0000000781700000, 0x000000078e400000, 0x00000007c0000000)
  eden space 97280K, 0% used [0x0000000781700000,0x0000000781700000,0x0000000787600000)
  from space 7680K, 99% used [0x0000000787600000,0x0000000787d78dc8,0x0000000787d80000)
  to   space 7680K, 0% used [0x000000078dc80000,0x000000078dc80000,0x000000078e400000)
 ParOldGen       total 128512K, used 18129K [0x0000000704400000, 0x000000070c180000, 0x0000000781700000)
  object space 128512K, 14% used [0x0000000704400000,0x00000007055b4648,0x000000070c180000)
 Metaspace       used 20819K, capacity 21078K, committed 21248K, reserved 1067008K
  class space    used 2648K, capacity 2729K, committed 2816K, reserved 1048576K
Event: 1.432 GC heap after
Heap after GC invocations=4 (full 1):
 PSYoungGen      total 104960K, used 0K [0x0000000781700000, 0x000000078e400000, 0x00000007c0000000)
  eden space 97280K, 0% used [0x0000000781700000,0x0000000781700000,0x0000000787600000)
  from space 7680K, 0% used [0x0000000787600000,0x0000000787600000,0x0000000787d80000)
  to   space 7680K, 0% used [0x000000078dc80000,0x000000078dc80000,0x000000078e400000)
 ParOldGen       total 113664K, used 20620K [0x0000000704400000, 0x000000070b300000, 0x0000000781700000)
  object space 113664K, 18% used [0x0000000704400000,0x0000000705823368,0x000000070b300000)
 Metaspace       used 20819K, capacity 21078K, committed 21248K, reserved 1067008K
  class space    used 2648K, capacity 2729K, committed 2816K, reserved 1048576K
}

