# JRE version: OpenJDK Runtime Environment (8.0_362-b09) (build 1.8.0_362-b09)
# Java VM: OpenJDK 64-Bit Server VM (25.362-b09 mixed mode windows-amd64 compressed oops)
Heap:
 PSYoungGen      total 94208K, used 27756K [0x0000000781700000, 0x000000078eb80000, 0x00000007c0000000)
  eden space 93696K, 29% used [0x0000000781700000,0x00000007831d31c8,0x0000000787280000)
  from space 512K, 56% used [0x000000078eb00000,0x000000078eb48000,0x000000078eb80000)
  to   space 512K, 0% used [0x000000078ea80000,0x000000078ea80000,0x000000078eb00000)
 ParOldGen       total 116736K, used 24716K [0x0000000704400000, 0x000000070b600000, 0x0000000781700000)
  object space 116736K, 21% used [0x0000000704400000,0x0000000705c23218,0x000000070b600000)
 Metaspace       used 25160K, capacity 25551K, committed 25600K, reserved 1071104K
  class space    used 2964K, capacity 3066K, committed 3072K, reserved 1048576K
GC Heap History (10 events):
Event: 90.668 GC heap before
{Heap before GC invocations=91 (full 1):
 PSYoungGen      total 90624K, used 90400K [0x0000000781700000, 0x000000078eb80000, 0x00000007c0000000)
  eden space 90112K, 100% used [0x0000000781700000,0x0000000786f00000,0x0000000786f00000)
  from space 512K, 56% used [0x000000078ea80000,0x000000078eac8000,0x000000078eb00000)
  to   space 512K, 0% used [0x000000078eb00000,0x000000078eb00000,0x000000078eb80000)
 ParOldGen       total 116736K, used 24588K [0x0000000704400000, 0x000000070b600000, 0x0000000781700000)
  object space 116736K, 21% used [0x0000000704400000,0x0000000705c03218,0x000000070b600000)
 Metaspace       used 25125K, capacity 25545K, committed 25600K, reserved 1071104K
  class space    used 2959K, capacity 3065K, committed 3072K, reserved 1048576K
Event: 90.670 GC heap after
Heap after GC invocations=91 (full 1):
 PSYoungGen      total 93184K, used 288K [0x0000000781700000, 0x000000078eb80000, 0x00000007c0000000)
  eden space 92672K, 0% used [0x0000000781700000,0x0000000781700000,0x0000000787180000)
  from space 512K, 56% used [0x000000078eb00000,0x000000078eb48000,0x000000078eb80000)
  to   space 512K, 0% used [0x000000078ea80000,0x000000078ea80000,0x000000078eb00000)
 ParOldGen       total 116736K, used 24636K [0x0000000704400000, 0x000000070b600000, 0x0000000781700000)
  object space 116736K, 21% used [0x0000000704400000,0x0000000705c0f218,0x000000070b600000)
 Metaspace       used 25125K, capacity 25545K, committed 25600K, reserved 1071104K
  class space    used 2959K, capacity 3065K, committed 3072K, reserved 1048576K
}
Event: 91.020 GC heap before
{Heap before GC invocations=92 (full 1):
 PSYoungGen      total 93184K, used 92960K [0x0000000781700000, 0x000000078eb80000, 0x00000007c0000000)
  eden space 92672K, 100% used [0x0000000781700000,0x0000000787180000,0x0000000787180000)
  from space 512K, 56% used [0x000000078eb00000,0x000000078eb48000,0x000000078eb80000)
  to   space 512K, 0% used [0x000000078ea80000,0x000000078ea80000,0x000000078eb00000)
 ParOldGen       total 116736K, used 24636K [0x0000000704400000, 0x000000070b600000, 0x0000000781700000)
  object space 116736K, 21% used [0x0000000704400000,0x0000000705c0f218,0x000000070b600000)
 Metaspace       used 25125K, capacity 25545K, committed 25600K, reserved 1071104K
  class space    used 2959K, capacity 3065K, committed 3072K, reserved 1048576K
Event: 91.021 GC heap after
Heap after GC invocations=92 (full 1):
 PSYoungGen      total 91136K, used 224K [0x0000000781700000, 0x000000078eb80000, 0x00000007c0000000)
  eden space 90624K, 0% used [0x0000000781700000,0x0000000781700000,0x0000000786f80000)
  from space 512K, 43% used [0x000000078ea80000,0x000000078eab8000,0x000000078eb00000)
  to   space 512K, 0% used [0x000000078eb00000,0x000000078eb00000,0x000000078eb80000)
 ParOldGen       total 116736K, used 24652K [0x0000000704400000, 0x000000070b600000, 0x0000000781700000)
  object space 116736K, 21% used [0x0000000704400000,0x0000000705c13218,0x000000070b600000)
 Metaspace       used 25125K, capacity 25545K, committed 25600K, reserved 1071104K
  class space    used 2959K, capacity 3065K, committed 3072K, reserved 1048576K
}
Event: 91.356 GC heap before
{Heap before GC invocations=93 (full 1):
 PSYoungGen      total 91136K, used 90847K [0x0000000781700000, 0x000000078eb80000, 0x00000007c0000000)
  eden space 90624K, 99% used [0x0000000781700000,0x0000000786f7ffd0,0x0000000786f80000)
  from space 512K, 43% used [0x000000078ea80000,0x000000078eab8000,0x000000078eb00000)
  to   space 512K, 0% used [0x000000078eb00000,0x000000078eb00000,0x000000078eb80000)
 ParOldGen       total 116736K, used 24652K [0x0000000704400000, 0x000000070b600000, 0x0000000781700000)
  object space 116736K, 21% used [0x0000000704400000,0x0000000705c13218,0x000000070b600000)
 Metaspace       used 25125K, capacity 25545K, committed 25600K, reserved 1071104K
  class space    used 2959K, capacity 3065K, committed 3072K, reserved 1048576K
Event: 91.358 GC heap after
Heap after GC invocations=93 (full 1):
 PSYoungGen      total 93696K, used 256K [0x0000000781700000, 0x000000078eb80000, 0x00000007c0000000)
  eden space 93184K, 0% used [0x0000000781700000,0x0000000781700000,0x0000000787200000)
  from space 512K, 50% used [0x000000078eb00000,0x000000078eb40000,0x000000078eb80000)
  to   space 512K, 0% used [0x000000078ea80000,0x000000078ea80000,0x000000078eb00000)
 ParOldGen       total 116736K, used 24660K [0x0000000704400000, 0x000000070b600000, 0x0000000781700000)
  object space 116736K, 21% used [0x0000000704400000,0x0000000705c15218,0x000000070b600000)
 Metaspace       used 25125K, capacity 25545K, committed 25600K, reserved 1071104K
  class space    used 2959K, capacity 3065K, committed 3072K, reserved 1048576K
}
Event: 91.755 GC heap before
{Heap before GC invocations=94 (full 1):
 PSYoungGen      total 93696K, used 93440K [0x0000000781700000, 0x000000078eb80000, 0x00000007c0000000)
  eden space 93184K, 100% used [0x0000000781700000,0x0000000787200000,0x0000000787200000)
  from space 512K, 50% used [0x000000078eb00000,0x000000078eb40000,0x000000078eb80000)
  to   space 512K, 0% used [0x000000078ea80000,0x000000078ea80000,0x000000078eb00000)
 ParOldGen       total 116736K, used 24660K [0x0000000704400000, 0x000000070b600000, 0x0000000781700000)
  object space 116736K, 21% used [0x0000000704400000,0x0000000705c15218,0x000000070b600000)
 Metaspace       used 25125K, capacity 25545K, committed 25600K, reserved 1071104K
  class space    used 2959K, capacity 3065K, committed 3072K, reserved 1048576K
Event: 91.757 GC heap after
Heap after GC invocations=94 (full 1):
 PSYoungGen      total 91648K, used 224K [0x0000000781700000, 0x000000078eb80000, 0x00000007c0000000)
  eden space 91136K, 0% used [0x0000000781700000,0x0000000781700000,0x0000000787000000)
  from space 512K, 43% used [0x000000078ea80000,0x000000078eab8000,0x000000078eb00000)
  to   space 512K, 0% used [0x000000078eb00000,0x000000078eb00000,0x000000078eb80000)
 ParOldGen       total 116736K, used 24676K [0x0000000704400000, 0x000000070b600000, 0x0000000781700000)
  object space 116736K, 21% used [0x0000000704400000,0x0000000705c19218,0x000000070b600000)
 Metaspace       used 25125K, capacity 25545K, committed 25600K, reserved 1071104K
  class space    used 2959K, capacity 3065K, committed 3072K, reserved 1048576K
}
Event: 92.029 GC heap before
{Heap before GC invocations=95 (full 1):
 PSYoungGen      total 91648K, used 91360K [0x0000000781700000, 0x000000078eb80000, 0x00000007c0000000)
  eden space 91136K, 100% used [0x0000000781700000,0x0000000787000000,0x0000000787000000)
  from space 512K, 43% used [0x000000078ea80000,0x000000078eab8000,0x000000078eb00000)
  to   space 512K, 0% used [0x000000078eb00000,0x000000078eb00000,0x000000078eb80000)
 ParOldGen       total 116736K, used 24676K [0x0000000704400000, 0x000000070b600000, 0x0000000781700000)
  object space 116736K, 21% used [0x0000000704400000,0x0000000705c19218,0x000000070b600000)
 Metaspace       used 25125K, capacity 25545K, committed 25600K, reserved 1071104K
  class space    used 2959K, capacity 3065K, committed 3072K, reserved 1048576K
Event: 92.031 GC heap after
Heap after GC invocations=95 (full 1):
 PSYoungGen      total 94208K, used 288K [0x0000000781700000, 0x000000078eb80000, 0x00000007c0000000)
  eden space 93696K, 0% used [0x0000000781700000,0x0000000781700000,0x0000000787280000)
  from space 512K, 56% used [0x000000078eb00000,0x000000078eb48000,0x000000078eb80000)
  to   space 512K, 0% used [0x000000078ea80000,0x000000078ea80000,0x000000078eb00000)
 ParOldGen       total 116736K, used 24716K [0x0000000704400000, 0x000000070b600000, 0x0000000781700000)
  object space 116736K, 21% used [0x0000000704400000,0x0000000705c23218,0x000000070b600000)
 Metaspace       used 25125K, capacity 25545K, committed 25600K, reserved 1071104K
  class space    used 2959K, capacity 3065K, committed 3072K, reserved 1048576K
}

