# JRE version: OpenJDK Runtime Environment (8.0_362-b09) (build 1.8.0_362-b09)
# Java VM: OpenJDK 64-Bit Server VM (25.362-b09 mixed mode windows-amd64 compressed oops)
Heap:
 PSYoungGen      total 104960K, used 38681K [0x0000000781700000, 0x0000000788500000, 0x00000007c0000000)
  eden space 97280K, 39% used [0x0000000781700000,0x0000000783cc66c0,0x0000000787600000)
  from space 7680K, 0% used [0x0000000787d80000,0x0000000787d80000,0x0000000788500000)
  to   space 7680K, 0% used [0x0000000787600000,0x0000000787600000,0x0000000787d80000)
 ParOldGen       total 101888K, used 16086K [0x0000000704400000, 0x000000070a780000, 0x0000000781700000)
  object space 101888K, 15% used [0x0000000704400000,0x00000007053b59b8,0x000000070a780000)
 Metaspace       used 24246K, capacity 24577K, committed 24832K, reserved 1071104K
  class space    used 2923K, capacity 3023K, committed 3072K, reserved 1048576K
GC Heap History (10 events):
Event: 0.389 GC heap before
{Heap before GC invocations=1 (full 0):
 PSYoungGen      total 56320K, used 48640K [0x0000000781700000, 0x0000000785580000, 0x00000007c0000000)
  eden space 48640K, 100% used [0x0000000781700000,0x0000000784680000,0x0000000784680000)
  from space 7680K, 0% used [0x0000000784e00000,0x0000000784e00000,0x0000000785580000)
  to   space 7680K, 0% used [0x0000000784680000,0x0000000784680000,0x0000000784e00000)
 ParOldGen       total 128512K, used 0K [0x0000000704400000, 0x000000070c180000, 0x0000000781700000)
  object space 128512K, 0% used [0x0000000704400000,0x0000000704400000,0x000000070c180000)
 Metaspace       used 8191K, capacity 8368K, committed 8448K, reserved 1056768K
  class space    used 907K, capacity 1000K, committed 1024K, reserved 1048576K
Event: 0.393 GC heap after
Heap after GC invocations=1 (full 0):
 PSYoungGen      total 56320K, used 7650K [0x0000000781700000, 0x0000000785580000, 0x00000007c0000000)
  eden space 48640K, 0% used [0x0000000781700000,0x0000000781700000,0x0000000784680000)
  from space 7680K, 99% used [0x0000000784680000,0x0000000784df8848,0x0000000784e00000)
  to   space 7680K, 0% used [0x0000000784e00000,0x0000000784e00000,0x0000000785580000)
 ParOldGen       total 128512K, used 632K [0x0000000704400000, 0x000000070c180000, 0x0000000781700000)
  object space 128512K, 0% used [0x0000000704400000,0x000000070449e098,0x000000070c180000)
 Metaspace       used 8191K, capacity 8368K, committed 8448K, reserved 1056768K
  class space    used 907K, capacity 1000K, committed 1024K, reserved 1048576K
}
Event: 0.712 GC heap before
{Heap before GC invocations=2 (full 0):
 PSYoungGen      total 56320K, used 56290K [0x0000000781700000, 0x0000000785580000, 0x00000007c0000000)
  eden space 48640K, 100% used [0x0000000781700000,0x0000000784680000,0x0000000784680000)
  from space 7680K, 99% used [0x0000000784680000,0x0000000784df8848,0x0000000784e00000)
  to   space 7680K, 0% used [0x0000000784e00000,0x0000000784e00000,0x0000000785580000)
 ParOldGen       total 128512K, used 632K [0x0000000704400000, 0x000000070c180000, 0x0000000781700000)
  object space 128512K, 0% used [0x0000000704400000,0x000000070449e098,0x000000070c180000)
 Metaspace       used 13513K, capacity 13724K, committed 14080K, reserved 1060864K
  class space    used 1671K, capacity 1738K, committed 1792K, reserved 1048576K
Event: 0.719 GC heap after
Heap after GC invocations=2 (full 0):
 PSYoungGen      total 56320K, used 7668K [0x0000000781700000, 0x0000000788500000, 0x00000007c0000000)
  eden space 48640K, 0% used [0x0000000781700000,0x0000000781700000,0x0000000784680000)
  from space 7680K, 99% used [0x0000000784e00000,0x000000078557d1d0,0x0000000785580000)
  to   space 7680K, 0% used [0x0000000784680000,0x0000000784680000,0x0000000784e00000)
 ParOldGen       total 128512K, used 7110K [0x0000000704400000, 0x000000070c180000, 0x0000000781700000)
  object space 128512K, 5% used [0x0000000704400000,0x0000000704af1ac8,0x000000070c180000)
 Metaspace       used 13513K, capacity 13724K, committed 14080K, reserved 1060864K
  class space    used 1671K, capacity 1738K, committed 1792K, reserved 1048576K
}
Event: 1.182 GC heap before
{Heap before GC invocations=3 (full 0):
 PSYoungGen      total 56320K, used 56308K [0x0000000781700000, 0x0000000788500000, 0x00000007c0000000)
  eden space 48640K, 100% used [0x0000000781700000,0x0000000784680000,0x0000000784680000)
  from space 7680K, 99% used [0x0000000784e00000,0x000000078557d1d0,0x0000000785580000)
  to   space 7680K, 0% used [0x0000000784680000,0x0000000784680000,0x0000000784e00000)
 ParOldGen       total 128512K, used 7110K [0x0000000704400000, 0x000000070c180000, 0x0000000781700000)
  object space 128512K, 5% used [0x0000000704400000,0x0000000704af1ac8,0x000000070c180000)
 Metaspace       used 19525K, capacity 19770K, committed 20096K, reserved 1067008K
  class space    used 2508K, capacity 2587K, committed 2688K, reserved 1048576K
Event: 1.190 GC heap after
Heap after GC invocations=3 (full 0):
 PSYoungGen      total 56320K, used 7664K [0x0000000781700000, 0x0000000788500000, 0x00000007c0000000)
  eden space 48640K, 0% used [0x0000000781700000,0x0000000781700000,0x0000000784680000)
  from space 7680K, 99% used [0x0000000784680000,0x0000000784dfc050,0x0000000784e00000)
  to   space 7680K, 0% used [0x0000000787d80000,0x0000000787d80000,0x0000000788500000)
 ParOldGen       total 128512K, used 15914K [0x0000000704400000, 0x000000070c180000, 0x0000000781700000)
  object space 128512K, 12% used [0x0000000704400000,0x000000070538ab68,0x000000070c180000)
 Metaspace       used 19525K, capacity 19770K, committed 20096K, reserved 1067008K
  class space    used 2508K, capacity 2587K, committed 2688K, reserved 1048576K
}
Event: 1.406 GC heap before
{Heap before GC invocations=4 (full 0):
 PSYoungGen      total 56320K, used 30593K [0x0000000781700000, 0x0000000788500000, 0x00000007c0000000)
  eden space 48640K, 47% used [0x0000000781700000,0x0000000782d64530,0x0000000784680000)
  from space 7680K, 99% used [0x0000000784680000,0x0000000784dfc050,0x0000000784e00000)
  to   space 7680K, 0% used [0x0000000787d80000,0x0000000787d80000,0x0000000788500000)
 ParOldGen       total 128512K, used 15914K [0x0000000704400000, 0x000000070c180000, 0x0000000781700000)
  object space 128512K, 12% used [0x0000000704400000,0x000000070538ab68,0x000000070c180000)
 Metaspace       used 20829K, capacity 21082K, committed 21248K, reserved 1067008K
  class space    used 2651K, capacity 2729K, committed 2816K, reserved 1048576K
Event: 1.414 GC heap after
Heap after GC invocations=4 (full 0):
 PSYoungGen      total 104960K, used 7664K [0x0000000781700000, 0x0000000788500000, 0x00000007c0000000)
  eden space 97280K, 0% used [0x0000000781700000,0x0000000781700000,0x0000000787600000)
  from space 7680K, 99% used [0x0000000787d80000,0x00000007884fc060,0x0000000788500000)
  to   space 7680K, 0% used [0x0000000787600000,0x0000000787600000,0x0000000787d80000)
 ParOldGen       total 128512K, used 18258K [0x0000000704400000, 0x000000070c180000, 0x0000000781700000)
  object space 128512K, 14% used [0x0000000704400000,0x00000007055d4908,0x000000070c180000)
 Metaspace       used 20829K, capacity 21082K, committed 21248K, reserved 1067008K
  class space    used 2651K, capacity 2729K, committed 2816K, reserved 1048576K
}
Event: 1.414 GC heap before
{Heap before GC invocations=5 (full 1):
 PSYoungGen      total 104960K, used 7664K [0x0000000781700000, 0x0000000788500000, 0x00000007c0000000)
  eden space 97280K, 0% used [0x0000000781700000,0x0000000781700000,0x0000000787600000)
  from space 7680K, 99% used [0x0000000787d80000,0x00000007884fc060,0x0000000788500000)
  to   space 7680K, 0% used [0x0000000787600000,0x0000000787600000,0x0000000787d80000)
 ParOldGen       total 128512K, used 18258K [0x0000000704400000, 0x000000070c180000, 0x0000000781700000)
  object space 128512K, 14% used [0x0000000704400000,0x00000007055d4908,0x000000070c180000)
 Metaspace       used 20829K, capacity 21082K, committed 21248K, reserved 1067008K
  class space    used 2651K, capacity 2729K, committed 2816K, reserved 1048576K
Event: 1.449 GC heap after
Heap after GC invocations=5 (full 1):
 PSYoungGen      total 104960K, used 0K [0x0000000781700000, 0x0000000788500000, 0x00000007c0000000)
  eden space 97280K, 0% used [0x0000000781700000,0x0000000781700000,0x0000000787600000)
  from space 7680K, 0% used [0x0000000787d80000,0x0000000787d80000,0x0000000788500000)
  to   space 7680K, 0% used [0x0000000787600000,0x0000000787600000,0x0000000787d80000)
 ParOldGen       total 101888K, used 16086K [0x0000000704400000, 0x000000070a780000, 0x0000000781700000)
  object space 101888K, 15% used [0x0000000704400000,0x00000007053b59b8,0x000000070a780000)
 Metaspace       used 20829K, capacity 21082K, committed 21248K, reserved 1067008K
  class space    used 2651K, capacity 2729K, committed 2816K, reserved 1048576K
}

