# JRE version: OpenJDK Runtime Environment (8.0_362-b09) (build 1.8.0_362-b09)
# Java VM: OpenJDK 64-Bit Server VM (25.362-b09 mixed mode windows-amd64 compressed oops)
Heap:
 PSYoungGen      total 164352K, used 149945K [0x0000000781700000, 0x000000078ef80000, 0x00000007c0000000)
  eden space 163840K, 91% used [0x0000000781700000,0x000000078a91e5a8,0x000000078b700000)
  from space 512K, 62% used [0x000000078ef00000,0x000000078ef50000,0x000000078ef80000)
  to   space 1536K, 0% used [0x000000078ec80000,0x000000078ec80000,0x000000078ee00000)
 ParOldGen       total 123392K, used 26756K [0x0000000704400000, 0x000000070bc80000, 0x0000000781700000)
  object space 123392K, 21% used [0x0000000704400000,0x0000000705e210c8,0x000000070bc80000)
 Metaspace       used 25132K, capacity 25529K, committed 25600K, reserved 1071104K
  class space    used 2957K, capacity 3065K, committed 3072K, reserved 1048576K
GC Heap History (10 events):
Event: 79.455 GC heap before
{Heap before GC invocations=51 (full 1):
 PSYoungGen      total 195584K, used 193824K [0x0000000781700000, 0x000000078f380000, 0x00000007c0000000)
  eden space 193536K, 100% used [0x0000000781700000,0x000000078d400000,0x000000078d400000)
  from space 2048K, 14% used [0x000000078ef80000,0x000000078efc8000,0x000000078f180000)
  to   space 2048K, 0% used [0x000000078f180000,0x000000078f180000,0x000000078f380000)
 ParOldGen       total 123392K, used 26596K [0x0000000704400000, 0x000000070bc80000, 0x0000000781700000)
  object space 123392K, 21% used [0x0000000704400000,0x0000000705df90c8,0x000000070bc80000)
 Metaspace       used 25015K, capacity 25465K, committed 25600K, reserved 1071104K
  class space    used 2942K, capacity 3065K, committed 3072K, reserved 1048576K
Event: 79.457 GC heap after
Heap after GC invocations=51 (full 1):
 PSYoungGen      total 187392K, used 288K [0x0000000781700000, 0x000000078f200000, 0x00000007c0000000)
  eden space 186880K, 0% used [0x0000000781700000,0x0000000781700000,0x000000078cd80000)
  from space 512K, 56% used [0x000000078f180000,0x000000078f1c8000,0x000000078f200000)
  to   space 2048K, 0% used [0x000000078ee00000,0x000000078ee00000,0x000000078f000000)
 ParOldGen       total 123392K, used 26620K [0x0000000704400000, 0x000000070bc80000, 0x0000000781700000)
  object space 123392K, 21% used [0x0000000704400000,0x0000000705dff0c8,0x000000070bc80000)
 Metaspace       used 25015K, capacity 25465K, committed 25600K, reserved 1071104K
  class space    used 2942K, capacity 3065K, committed 3072K, reserved 1048576K
}
Event: 80.265 GC heap before
{Heap before GC invocations=52 (full 1):
 PSYoungGen      total 187392K, used 187168K [0x0000000781700000, 0x000000078f200000, 0x00000007c0000000)
  eden space 186880K, 100% used [0x0000000781700000,0x000000078cd80000,0x000000078cd80000)
  from space 512K, 56% used [0x000000078f180000,0x000000078f1c8000,0x000000078f200000)
  to   space 2048K, 0% used [0x000000078ee00000,0x000000078ee00000,0x000000078f000000)
 ParOldGen       total 123392K, used 26620K [0x0000000704400000, 0x000000070bc80000, 0x0000000781700000)
  object space 123392K, 21% used [0x0000000704400000,0x0000000705dff0c8,0x000000070bc80000)
 Metaspace       used 25015K, capacity 25465K, committed 25600K, reserved 1071104K
  class space    used 2942K, capacity 3065K, committed 3072K, reserved 1048576K
Event: 80.267 GC heap after
Heap after GC invocations=52 (full 1):
 PSYoungGen      total 182784K, used 288K [0x0000000781700000, 0x000000078f200000, 0x00000007c0000000)
  eden space 180736K, 0% used [0x0000000781700000,0x0000000781700000,0x000000078c780000)
  from space 2048K, 14% used [0x000000078ee00000,0x000000078ee48000,0x000000078f000000)
  to   space 2048K, 0% used [0x000000078f000000,0x000000078f000000,0x000000078f200000)
 ParOldGen       total 123392K, used 26644K [0x0000000704400000, 0x000000070bc80000, 0x0000000781700000)
  object space 123392K, 21% used [0x0000000704400000,0x0000000705e050c8,0x000000070bc80000)
 Metaspace       used 25015K, capacity 25465K, committed 25600K, reserved 1071104K
  class space    used 2942K, capacity 3065K, committed 3072K, reserved 1048576K
}
Event: 81.039 GC heap before
{Heap before GC invocations=53 (full 1):
 PSYoungGen      total 182784K, used 181024K [0x0000000781700000, 0x000000078f200000, 0x00000007c0000000)
  eden space 180736K, 100% used [0x0000000781700000,0x000000078c780000,0x000000078c780000)
  from space 2048K, 14% used [0x000000078ee00000,0x000000078ee48000,0x000000078f000000)
  to   space 2048K, 0% used [0x000000078f000000,0x000000078f000000,0x000000078f200000)
 ParOldGen       total 123392K, used 26644K [0x0000000704400000, 0x000000070bc80000, 0x0000000781700000)
  object space 123392K, 21% used [0x0000000704400000,0x0000000705e050c8,0x000000070bc80000)
 Metaspace       used 25015K, capacity 25465K, committed 25600K, reserved 1071104K
  class space    used 2942K, capacity 3065K, committed 3072K, reserved 1048576K
Event: 81.040 GC heap after
Heap after GC invocations=53 (full 1):
 PSYoungGen      total 175104K, used 352K [0x0000000781700000, 0x000000078f080000, 0x00000007c0000000)
  eden space 174592K, 0% used [0x0000000781700000,0x0000000781700000,0x000000078c180000)
  from space 512K, 68% used [0x000000078f000000,0x000000078f058000,0x000000078f080000)
  to   space 1536K, 0% used [0x000000078ed80000,0x000000078ed80000,0x000000078ef00000)
 ParOldGen       total 123392K, used 26668K [0x0000000704400000, 0x000000070bc80000, 0x0000000781700000)
  object space 123392K, 21% used [0x0000000704400000,0x0000000705e0b0c8,0x000000070bc80000)
 Metaspace       used 25015K, capacity 25465K, committed 25600K, reserved 1071104K
  class space    used 2942K, capacity 3065K, committed 3072K, reserved 1048576K
}
Event: 81.828 GC heap before
{Heap before GC invocations=54 (full 1):
 PSYoungGen      total 175104K, used 174944K [0x0000000781700000, 0x000000078f080000, 0x00000007c0000000)
  eden space 174592K, 100% used [0x0000000781700000,0x000000078c180000,0x000000078c180000)
  from space 512K, 68% used [0x000000078f000000,0x000000078f058000,0x000000078f080000)
  to   space 1536K, 0% used [0x000000078ed80000,0x000000078ed80000,0x000000078ef00000)
 ParOldGen       total 123392K, used 26668K [0x0000000704400000, 0x000000070bc80000, 0x0000000781700000)
  object space 123392K, 21% used [0x0000000704400000,0x0000000705e0b0c8,0x000000070bc80000)
 Metaspace       used 25015K, capacity 25465K, committed 25600K, reserved 1071104K
  class space    used 2942K, capacity 3065K, committed 3072K, reserved 1048576K
Event: 81.830 GC heap after
Heap after GC invocations=54 (full 1):
 PSYoungGen      total 170496K, used 256K [0x0000000781700000, 0x000000078f080000, 0x00000007c0000000)
  eden space 168960K, 0% used [0x0000000781700000,0x0000000781700000,0x000000078bc00000)
  from space 1536K, 16% used [0x000000078ed80000,0x000000078edc0000,0x000000078ef00000)
  to   space 1536K, 0% used [0x000000078ef00000,0x000000078ef00000,0x000000078f080000)
 ParOldGen       total 123392K, used 26724K [0x0000000704400000, 0x000000070bc80000, 0x0000000781700000)
  object space 123392K, 21% used [0x0000000704400000,0x0000000705e190c8,0x000000070bc80000)
 Metaspace       used 25015K, capacity 25465K, committed 25600K, reserved 1071104K
  class space    used 2942K, capacity 3065K, committed 3072K, reserved 1048576K
}
Event: 82.517 GC heap before
{Heap before GC invocations=55 (full 1):
 PSYoungGen      total 170496K, used 169216K [0x0000000781700000, 0x000000078f080000, 0x00000007c0000000)
  eden space 168960K, 100% used [0x0000000781700000,0x000000078bc00000,0x000000078bc00000)
  from space 1536K, 16% used [0x000000078ed80000,0x000000078edc0000,0x000000078ef00000)
  to   space 1536K, 0% used [0x000000078ef00000,0x000000078ef00000,0x000000078f080000)
 ParOldGen       total 123392K, used 26724K [0x0000000704400000, 0x000000070bc80000, 0x0000000781700000)
  object space 123392K, 21% used [0x0000000704400000,0x0000000705e190c8,0x000000070bc80000)
 Metaspace       used 25015K, capacity 25465K, committed 25600K, reserved 1071104K
  class space    used 2942K, capacity 3065K, committed 3072K, reserved 1048576K
Event: 82.519 GC heap after
Heap after GC invocations=55 (full 1):
 PSYoungGen      total 164352K, used 320K [0x0000000781700000, 0x000000078ef80000, 0x00000007c0000000)
  eden space 163840K, 0% used [0x0000000781700000,0x0000000781700000,0x000000078b700000)
  from space 512K, 62% used [0x000000078ef00000,0x000000078ef50000,0x000000078ef80000)
  to   space 1536K, 0% used [0x000000078ec80000,0x000000078ec80000,0x000000078ee00000)
 ParOldGen       total 123392K, used 26756K [0x0000000704400000, 0x000000070bc80000, 0x0000000781700000)
  object space 123392K, 21% used [0x0000000704400000,0x0000000705e210c8,0x000000070bc80000)
 Metaspace       used 25015K, capacity 25465K, committed 25600K, reserved 1071104K
  class space    used 2942K, capacity 3065K, committed 3072K, reserved 1048576K
}

