# JRE version: OpenJDK Runtime Environment (8.0_362-b09) (build 1.8.0_362-b09)
# Java VM: OpenJDK 64-Bit Server VM (25.362-b09 mixed mode windows-amd64 compressed oops)
Heap:
 PSYoungGen      total 104960K, used 11540K [0x0000000781700000, 0x000000078e400000, 0x00000007c0000000)
  eden space 97280K, 11% used [0x0000000781700000,0x0000000782245388,0x0000000787600000)
  from space 7680K, 0% used [0x0000000787600000,0x0000000787600000,0x0000000787d80000)
  to   space 7680K, 0% used [0x000000078dc80000,0x000000078dc80000,0x000000078e400000)
 ParOldGen       total 115712K, used 20873K [0x0000000704400000, 0x000000070b500000, 0x0000000781700000)
  object space 115712K, 18% used [0x0000000704400000,0x00000007058625c0,0x000000070b500000)
 Metaspace       used 21860K, capacity 22210K, committed 22448K, reserved 1069056K
  class space    used 2763K, capacity 2875K, committed 2944K, reserved 1048576K
GC Heap History (8 events):
Event: 0.384 GC heap before
{Heap before GC invocations=1 (full 0):
 PSYoungGen      total 56320K, used 48640K [0x0000000781700000, 0x0000000785580000, 0x00000007c0000000)
  eden space 48640K, 100% used [0x0000000781700000,0x0000000784680000,0x0000000784680000)
  from space 7680K, 0% used [0x0000000784e00000,0x0000000784e00000,0x0000000785580000)
  to   space 7680K, 0% used [0x0000000784680000,0x0000000784680000,0x0000000784e00000)
 ParOldGen       total 128512K, used 0K [0x0000000704400000, 0x000000070c180000, 0x0000000781700000)
  object space 128512K, 0% used [0x0000000704400000,0x0000000704400000,0x000000070c180000)
 Metaspace       used 8199K, capacity 8364K, committed 8448K, reserved 1056768K
  class space    used 906K, capacity 1000K, committed 1024K, reserved 1048576K
Event: 0.388 GC heap after
Heap after GC invocations=1 (full 0):
 PSYoungGen      total 56320K, used 7671K [0x0000000781700000, 0x0000000788500000, 0x00000007c0000000)
  eden space 48640K, 0% used [0x0000000781700000,0x0000000781700000,0x0000000784680000)
  from space 7680K, 99% used [0x0000000784680000,0x0000000784dfddc0,0x0000000784e00000)
  to   space 7680K, 0% used [0x0000000787d80000,0x0000000787d80000,0x0000000788500000)
 ParOldGen       total 128512K, used 533K [0x0000000704400000, 0x000000070c180000, 0x0000000781700000)
  object space 128512K, 0% used [0x0000000704400000,0x00000007044857e8,0x000000070c180000)
 Metaspace       used 8199K, capacity 8364K, committed 8448K, reserved 1056768K
  class space    used 906K, capacity 1000K, committed 1024K, reserved 1048576K
}
Event: 0.688 GC heap before
{Heap before GC invocations=2 (full 0):
 PSYoungGen      total 56320K, used 56311K [0x0000000781700000, 0x0000000788500000, 0x00000007c0000000)
  eden space 48640K, 100% used [0x0000000781700000,0x0000000784680000,0x0000000784680000)
  from space 7680K, 99% used [0x0000000784680000,0x0000000784dfddc0,0x0000000784e00000)
  to   space 7680K, 0% used [0x0000000787d80000,0x0000000787d80000,0x0000000788500000)
 ParOldGen       total 128512K, used 533K [0x0000000704400000, 0x000000070c180000, 0x0000000781700000)
  object space 128512K, 0% used [0x0000000704400000,0x00000007044857e8,0x000000070c180000)
 Metaspace       used 13534K, capacity 13720K, committed 14080K, reserved 1060864K
  class space    used 1671K, capacity 1738K, committed 1792K, reserved 1048576K
Event: 0.694 GC heap after
Heap after GC invocations=2 (full 0):
 PSYoungGen      total 104960K, used 7668K [0x0000000781700000, 0x0000000788500000, 0x00000007c0000000)
  eden space 97280K, 0% used [0x0000000781700000,0x0000000781700000,0x0000000787600000)
  from space 7680K, 99% used [0x0000000787d80000,0x00000007884fd1f0,0x0000000788500000)
  to   space 7680K, 0% used [0x0000000787600000,0x0000000787600000,0x0000000787d80000)
 ParOldGen       total 128512K, used 6995K [0x0000000704400000, 0x000000070c180000, 0x0000000781700000)
  object space 128512K, 5% used [0x0000000704400000,0x0000000704ad4f90,0x000000070c180000)
 Metaspace       used 13534K, capacity 13720K, committed 14080K, reserved 1060864K
  class space    used 1671K, capacity 1738K, committed 1792K, reserved 1048576K
}
Event: 1.387 GC heap before
{Heap before GC invocations=3 (full 0):
 PSYoungGen      total 104960K, used 81770K [0x0000000781700000, 0x0000000788500000, 0x00000007c0000000)
  eden space 97280K, 76% used [0x0000000781700000,0x0000000785f5d668,0x0000000787600000)
  from space 7680K, 99% used [0x0000000787d80000,0x00000007884fd1f0,0x0000000788500000)
  to   space 7680K, 0% used [0x0000000787600000,0x0000000787600000,0x0000000787d80000)
 ParOldGen       total 128512K, used 6995K [0x0000000704400000, 0x000000070c180000, 0x0000000781700000)
  object space 128512K, 5% used [0x0000000704400000,0x0000000704ad4f90,0x000000070c180000)
 Metaspace       used 20864K, capacity 21180K, committed 21296K, reserved 1069056K
  class space    used 2645K, capacity 2746K, committed 2816K, reserved 1048576K
Event: 1.397 GC heap after
Heap after GC invocations=3 (full 0):
 PSYoungGen      total 104960K, used 7664K [0x0000000781700000, 0x000000078e400000, 0x00000007c0000000)
  eden space 97280K, 0% used [0x0000000781700000,0x0000000781700000,0x0000000787600000)
  from space 7680K, 99% used [0x0000000787600000,0x0000000787d7c040,0x0000000787d80000)
  to   space 7680K, 0% used [0x000000078dc80000,0x000000078dc80000,0x000000078e400000)
 ParOldGen       total 128512K, used 18266K [0x0000000704400000, 0x000000070c180000, 0x0000000781700000)
  object space 128512K, 14% used [0x0000000704400000,0x00000007055d6bc0,0x000000070c180000)
 Metaspace       used 20864K, capacity 21180K, committed 21296K, reserved 1069056K
  class space    used 2645K, capacity 2746K, committed 2816K, reserved 1048576K
}
Event: 1.397 GC heap before
{Heap before GC invocations=4 (full 1):
 PSYoungGen      total 104960K, used 7664K [0x0000000781700000, 0x000000078e400000, 0x00000007c0000000)
  eden space 97280K, 0% used [0x0000000781700000,0x0000000781700000,0x0000000787600000)
  from space 7680K, 99% used [0x0000000787600000,0x0000000787d7c040,0x0000000787d80000)
  to   space 7680K, 0% used [0x000000078dc80000,0x000000078dc80000,0x000000078e400000)
 ParOldGen       total 128512K, used 18266K [0x0000000704400000, 0x000000070c180000, 0x0000000781700000)
  object space 128512K, 14% used [0x0000000704400000,0x00000007055d6bc0,0x000000070c180000)
 Metaspace       used 20864K, capacity 21180K, committed 21296K, reserved 1069056K
  class space    used 2645K, capacity 2746K, committed 2816K, reserved 1048576K
Event: 1.436 GC heap after
Heap after GC invocations=4 (full 1):
 PSYoungGen      total 104960K, used 0K [0x0000000781700000, 0x000000078e400000, 0x00000007c0000000)
  eden space 97280K, 0% used [0x0000000781700000,0x0000000781700000,0x0000000787600000)
  from space 7680K, 0% used [0x0000000787600000,0x0000000787600000,0x0000000787d80000)
  to   space 7680K, 0% used [0x000000078dc80000,0x000000078dc80000,0x000000078e400000)
 ParOldGen       total 115712K, used 20873K [0x0000000704400000, 0x000000070b500000, 0x0000000781700000)
  object space 115712K, 18% used [0x0000000704400000,0x00000007058625c0,0x000000070b500000)
 Metaspace       used 20864K, capacity 21180K, committed 21296K, reserved 1069056K
  class space    used 2645K, capacity 2746K, committed 2816K, reserved 1048576K
}

