# JRE version: OpenJDK Runtime Environment (8.0_362-b09) (build 1.8.0_362-b09)
# Java VM: OpenJDK 64-Bit Server VM (25.362-b09 mixed mode windows-amd64 compressed oops)
Heap:
 PSYoungGen      total 239104K, used 233760K [0x0000000781700000, 0x0000000790700000, 0x00000007c0000000)
  eden space 233472K, 100% used [0x0000000781700000,0x000000078fb00000,0x000000078fb00000)
  from space 5632K, 5% used [0x0000000790180000,0x00000007901c8000,0x0000000790700000)
  to   space 6144K, 0% used [0x000000078fb00000,0x000000078fb00000,0x0000000790100000)
 ParOldGen       total 117760K, used 22768K [0x0000000704400000, 0x000000070b700000, 0x0000000781700000)
  object space 117760K, 19% used [0x0000000704400000,0x0000000705a3c270,0x000000070b700000)
 Metaspace       used 25124K, capacity 25501K, committed 25600K, reserved 1071104K
  class space    used 2960K, capacity 3061K, committed 3072K, reserved 1048576K
GC Heap History (10 events):
Event: 51.399 GC heap before
{Heap before GC invocations=29 (full 1):
 PSYoungGen      total 235008K, used 226144K [0x0000000781700000, 0x0000000790700000, 0x00000007c0000000)
  eden space 225792K, 100% used [0x0000000781700000,0x000000078f380000,0x000000078f380000)
  from space 9216K, 3% used [0x000000078f380000,0x000000078f3d8000,0x000000078fc80000)
  to   space 8704K, 0% used [0x000000078fe80000,0x000000078fe80000,0x0000000790700000)
 ParOldGen       total 117760K, used 22512K [0x0000000704400000, 0x000000070b700000, 0x0000000781700000)
  object space 117760K, 19% used [0x0000000704400000,0x00000007059fc270,0x000000070b700000)
 Metaspace       used 25001K, capacity 25431K, committed 25600K, reserved 1071104K
  class space    used 2944K, capacity 3060K, committed 3072K, reserved 1048576K
Event: 51.400 GC heap after
Heap after GC invocations=29 (full 1):
 PSYoungGen      total 236032K, used 352K [0x0000000781700000, 0x0000000790600000, 0x00000007c0000000)
  eden space 228352K, 0% used [0x0000000781700000,0x0000000781700000,0x000000078f600000)
  from space 7680K, 4% used [0x000000078fe80000,0x000000078fed8000,0x0000000790600000)
  to   space 8192K, 0% used [0x000000078f600000,0x000000078f600000,0x000000078fe00000)
 ParOldGen       total 117760K, used 22576K [0x0000000704400000, 0x000000070b700000, 0x0000000781700000)
  object space 117760K, 19% used [0x0000000704400000,0x0000000705a0c270,0x000000070b700000)
 Metaspace       used 25001K, capacity 25431K, committed 25600K, reserved 1071104K
  class space    used 2944K, capacity 3060K, committed 3072K, reserved 1048576K
}
Event: 52.777 GC heap before
{Heap before GC invocations=30 (full 1):
 PSYoungGen      total 236032K, used 228704K [0x0000000781700000, 0x0000000790600000, 0x00000007c0000000)
  eden space 228352K, 100% used [0x0000000781700000,0x000000078f600000,0x000000078f600000)
  from space 7680K, 4% used [0x000000078fe80000,0x000000078fed8000,0x0000000790600000)
  to   space 8192K, 0% used [0x000000078f600000,0x000000078f600000,0x000000078fe00000)
 ParOldGen       total 117760K, used 22576K [0x0000000704400000, 0x000000070b700000, 0x0000000781700000)
  object space 117760K, 19% used [0x0000000704400000,0x0000000705a0c270,0x000000070b700000)
 Metaspace       used 25001K, capacity 25431K, committed 25600K, reserved 1071104K
  class space    used 2944K, capacity 3060K, committed 3072K, reserved 1048576K
Event: 52.778 GC heap after
Heap after GC invocations=30 (full 1):
 PSYoungGen      total 236544K, used 352K [0x0000000781700000, 0x0000000790780000, 0x00000007c0000000)
  eden space 228352K, 0% used [0x0000000781700000,0x0000000781700000,0x000000078f600000)
  from space 8192K, 4% used [0x000000078f600000,0x000000078f658000,0x000000078fe00000)
  to   space 7680K, 0% used [0x0000000790000000,0x0000000790000000,0x0000000790780000)
 ParOldGen       total 117760K, used 22616K [0x0000000704400000, 0x000000070b700000, 0x0000000781700000)
  object space 117760K, 19% used [0x0000000704400000,0x0000000705a16270,0x000000070b700000)
 Metaspace       used 25001K, capacity 25431K, committed 25600K, reserved 1071104K
  class space    used 2944K, capacity 3060K, committed 3072K, reserved 1048576K
}
Event: 54.080 GC heap before
{Heap before GC invocations=31 (full 1):
 PSYoungGen      total 236544K, used 228704K [0x0000000781700000, 0x0000000790780000, 0x00000007c0000000)
  eden space 228352K, 100% used [0x0000000781700000,0x000000078f600000,0x000000078f600000)
  from space 8192K, 4% used [0x000000078f600000,0x000000078f658000,0x000000078fe00000)
  to   space 7680K, 0% used [0x0000000790000000,0x0000000790000000,0x0000000790780000)
 ParOldGen       total 117760K, used 22616K [0x0000000704400000, 0x000000070b700000, 0x0000000781700000)
  object space 117760K, 19% used [0x0000000704400000,0x0000000705a16270,0x000000070b700000)
 Metaspace       used 25002K, capacity 25431K, committed 25600K, reserved 1071104K
  class space    used 2944K, capacity 3060K, committed 3072K, reserved 1048576K
Event: 54.082 GC heap after
Heap after GC invocations=31 (full 1):
 PSYoungGen      total 237568K, used 320K [0x0000000781700000, 0x0000000790680000, 0x00000007c0000000)
  eden space 230912K, 0% used [0x0000000781700000,0x0000000781700000,0x000000078f880000)
  from space 6656K, 4% used [0x0000000790000000,0x0000000790050000,0x0000000790680000)
  to   space 7168K, 0% used [0x000000078f880000,0x000000078f880000,0x000000078ff80000)
 ParOldGen       total 117760K, used 22648K [0x0000000704400000, 0x000000070b700000, 0x0000000781700000)
  object space 117760K, 19% used [0x0000000704400000,0x0000000705a1e270,0x000000070b700000)
 Metaspace       used 25002K, capacity 25431K, committed 25600K, reserved 1071104K
  class space    used 2944K, capacity 3060K, committed 3072K, reserved 1048576K
}
Event: 55.333 GC heap before
{Heap before GC invocations=32 (full 1):
 PSYoungGen      total 237568K, used 231232K [0x0000000781700000, 0x0000000790680000, 0x00000007c0000000)
  eden space 230912K, 100% used [0x0000000781700000,0x000000078f880000,0x000000078f880000)
  from space 6656K, 4% used [0x0000000790000000,0x0000000790050000,0x0000000790680000)
  to   space 7168K, 0% used [0x000000078f880000,0x000000078f880000,0x000000078ff80000)
 ParOldGen       total 117760K, used 22648K [0x0000000704400000, 0x000000070b700000, 0x0000000781700000)
  object space 117760K, 19% used [0x0000000704400000,0x0000000705a1e270,0x000000070b700000)
 Metaspace       used 25002K, capacity 25431K, committed 25600K, reserved 1071104K
  class space    used 2944K, capacity 3060K, committed 3072K, reserved 1048576K
Event: 55.335 GC heap after
Heap after GC invocations=32 (full 1):
 PSYoungGen      total 238080K, used 320K [0x0000000781700000, 0x0000000790800000, 0x00000007c0000000)
  eden space 230912K, 0% used [0x0000000781700000,0x0000000781700000,0x000000078f880000)
  from space 7168K, 4% used [0x000000078f880000,0x000000078f8d0000,0x000000078ff80000)
  to   space 6656K, 0% used [0x0000000790180000,0x0000000790180000,0x0000000790800000)
 ParOldGen       total 117760K, used 22720K [0x0000000704400000, 0x000000070b700000, 0x0000000781700000)
  object space 117760K, 19% used [0x0000000704400000,0x0000000705a30270,0x000000070b700000)
 Metaspace       used 25002K, capacity 25431K, committed 25600K, reserved 1071104K
  class space    used 2944K, capacity 3060K, committed 3072K, reserved 1048576K
}
Event: 56.564 GC heap before
{Heap before GC invocations=33 (full 1):
 PSYoungGen      total 238080K, used 231232K [0x0000000781700000, 0x0000000790800000, 0x00000007c0000000)
  eden space 230912K, 100% used [0x0000000781700000,0x000000078f880000,0x000000078f880000)
  from space 7168K, 4% used [0x000000078f880000,0x000000078f8d0000,0x000000078ff80000)
  to   space 6656K, 0% used [0x0000000790180000,0x0000000790180000,0x0000000790800000)
 ParOldGen       total 117760K, used 22720K [0x0000000704400000, 0x000000070b700000, 0x0000000781700000)
  object space 117760K, 19% used [0x0000000704400000,0x0000000705a30270,0x000000070b700000)
 Metaspace       used 25003K, capacity 25431K, committed 25600K, reserved 1071104K
  class space    used 2944K, capacity 3060K, committed 3072K, reserved 1048576K
Event: 56.566 GC heap after
Heap after GC invocations=33 (full 1):
 PSYoungGen      total 239104K, used 288K [0x0000000781700000, 0x0000000790700000, 0x00000007c0000000)
  eden space 233472K, 0% used [0x0000000781700000,0x0000000781700000,0x000000078fb00000)
  from space 5632K, 5% used [0x0000000790180000,0x00000007901c8000,0x0000000790700000)
  to   space 6144K, 0% used [0x000000078fb00000,0x000000078fb00000,0x0000000790100000)
 ParOldGen       total 117760K, used 22768K [0x0000000704400000, 0x000000070b700000, 0x0000000781700000)
  object space 117760K, 19% used [0x0000000704400000,0x0000000705a3c270,0x000000070b700000)
 Metaspace       used 25003K, capacity 25431K, committed 25600K, reserved 1071104K
  class space    used 2944K, capacity 3060K, committed 3072K, reserved 1048576K
}

